{"/home/travis/build/npmtest/node-npmtest-ramda-fantasy/test.js":{"path":"/home/travis/build/npmtest/node-npmtest-ramda-fantasy/test.js","s":{"1":2,"2":2,"3":2,"4":2,"5":2,"6":2,"7":2,"8":1,"9":2,"10":2,"11":1,"12":1,"13":1,"14":1,"15":2,"16":2,"17":2,"18":2,"19":1,"20":1,"21":2,"22":2,"23":2,"24":1,"25":1,"26":1,"27":1,"28":1,"29":1,"30":1,"31":1,"32":1,"33":1,"34":1,"35":1,"36":1,"37":1,"38":1,"39":2,"40":2,"41":1,"42":2,"43":2,"44":1,"45":2,"46":2,"47":1,"48":2,"49":2,"50":1,"51":1,"52":1,"53":1,"54":1},"b":{"1":[2,1,1,1],"2":[1,1,1,1],"3":[1,1],"4":[1,1],"5":[1,1],"6":[1,1],"7":[1,1],"8":[1,1],"9":[1,1],"10":[1,1,1],"11":[1,1],"12":[1,1],"13":[1,1],"14":[1,1],"15":[1,1],"16":[1,1],"17":[1,1]},"f":{"1":2,"2":2,"3":2,"4":2,"5":2,"6":1,"7":1,"8":1,"9":2,"10":2,"11":2,"12":2,"13":1},"fnMap":{"1":{"name":"(anonymous_1)","line":12,"loc":{"start":{"line":12,"column":1},"end":{"line":12,"column":13}}},"2":{"name":"(anonymous_2)","line":19,"loc":{"start":{"line":19,"column":5},"end":{"line":19,"column":17}}},"3":{"name":"(anonymous_3)","line":23,"loc":{"start":{"line":23,"column":24},"end":{"line":23,"column":36}}},"4":{"name":"(anonymous_4)","line":61,"loc":{"start":{"line":61,"column":5},"end":{"line":61,"column":17}}},"5":{"name":"(anonymous_5)","line":82,"loc":{"start":{"line":82,"column":5},"end":{"line":82,"column":17}}},"6":{"name":"(anonymous_6)","line":91,"loc":{"start":{"line":91,"column":77},"end":{"line":94,"column":10}}},"7":{"name":"(anonymous_7)","line":112,"loc":{"start":{"line":112,"column":83},"end":{"line":115,"column":10}},"skip":true},"8":{"name":"(anonymous_8)","line":123,"loc":{"start":{"line":123,"column":77},"end":{"line":126,"column":10}},"skip":true},"9":{"name":"(anonymous_9)","line":139,"loc":{"start":{"line":139,"column":12},"end":{"line":139,"column":40}},"skip":true},"10":{"name":"(anonymous_10)","line":147,"loc":{"start":{"line":147,"column":77},"end":{"line":150,"column":10}},"skip":true},"11":{"name":"(anonymous_11)","line":158,"loc":{"start":{"line":158,"column":83},"end":{"line":161,"column":10}},"skip":true},"12":{"name":"(anonymous_12)","line":169,"loc":{"start":{"line":169,"column":79},"end":{"line":172,"column":10}},"skip":true},"13":{"name":"(anonymous_13)","line":180,"loc":{"start":{"line":180,"column":75},"end":{"line":183,"column":10}},"skip":true}},"statementMap":{"1":{"start":{"line":12,"column":0},"end":{"line":195,"column":5}},"2":{"start":{"line":14,"column":4},"end":{"line":14,"column":14}},"3":{"start":{"line":19,"column":4},"end":{"line":56,"column":9}},"4":{"start":{"line":21,"column":8},"end":{"line":21,"column":19}},"5":{"start":{"line":23,"column":8},"end":{"line":35,"column":13}},"6":{"start":{"line":24,"column":12},"end":{"line":34,"column":13}},"7":{"start":{"line":25,"column":16},"end":{"line":28,"column":30}},"8":{"start":{"line":30,"column":16},"end":{"line":33,"column":27}},"9":{"start":{"line":37,"column":8},"end":{"line":39,"column":21}},"10":{"start":{"line":40,"column":8},"end":{"line":53,"column":9}},"11":{"start":{"line":43,"column":12},"end":{"line":46,"column":14}},"12":{"start":{"line":47,"column":12},"end":{"line":47,"column":18}},"13":{"start":{"line":50,"column":12},"end":{"line":51,"column":33}},"14":{"start":{"line":52,"column":12},"end":{"line":52,"column":18}},"15":{"start":{"line":55,"column":8},"end":{"line":55,"column":35}},"16":{"start":{"line":61,"column":4},"end":{"line":63,"column":9}},"17":{"start":{"line":62,"column":8},"end":{"line":62,"column":15}},"18":{"start":{"line":64,"column":4},"end":{"line":77,"column":5}},"19":{"start":{"line":70,"column":8},"end":{"line":70,"column":14}},"20":{"start":{"line":76,"column":8},"end":{"line":76,"column":14}},"21":{"start":{"line":82,"column":4},"end":{"line":84,"column":9}},"22":{"start":{"line":83,"column":8},"end":{"line":83,"column":15}},"23":{"start":{"line":85,"column":4},"end":{"line":194,"column":5}},"24":{"start":{"line":91,"column":8},"end":{"line":99,"column":10}},"25":{"start":{"line":98,"column":12},"end":{"line":98,"column":35}},"26":{"start":{"line":102,"column":8},"end":{"line":104,"column":63}},"27":{"start":{"line":105,"column":8},"end":{"line":105,"column":14}},"28":{"start":{"line":112,"column":8},"end":{"line":121,"column":10},"skip":true},"29":{"start":{"line":119,"column":12},"end":{"line":119,"column":55},"skip":true},"30":{"start":{"line":120,"column":12},"end":{"line":120,"column":48},"skip":true},"31":{"start":{"line":123,"column":8},"end":{"line":136,"column":10},"skip":true},"32":{"start":{"line":130,"column":12},"end":{"line":130,"column":76},"skip":true},"33":{"start":{"line":131,"column":12},"end":{"line":131,"column":73},"skip":true},"34":{"start":{"line":132,"column":12},"end":{"line":132,"column":74},"skip":true},"35":{"start":{"line":133,"column":12},"end":{"line":133,"column":79},"skip":true},"36":{"start":{"line":134,"column":12},"end":{"line":134,"column":25},"skip":true},"37":{"start":{"line":135,"column":12},"end":{"line":135,"column":45},"skip":true},"38":{"start":{"line":138,"column":8},"end":{"line":145,"column":14},"skip":true},"39":{"start":{"line":143,"column":16},"end":{"line":143,"column":29},"skip":true},"40":{"start":{"line":144,"column":16},"end":{"line":144,"column":55},"skip":true},"41":{"start":{"line":147,"column":8},"end":{"line":156,"column":10},"skip":true},"42":{"start":{"line":154,"column":12},"end":{"line":154,"column":25},"skip":true},"43":{"start":{"line":155,"column":12},"end":{"line":155,"column":45},"skip":true},"44":{"start":{"line":158,"column":8},"end":{"line":167,"column":10},"skip":true},"45":{"start":{"line":165,"column":12},"end":{"line":165,"column":25},"skip":true},"46":{"start":{"line":166,"column":12},"end":{"line":166,"column":48},"skip":true},"47":{"start":{"line":169,"column":8},"end":{"line":178,"column":10},"skip":true},"48":{"start":{"line":176,"column":12},"end":{"line":176,"column":25},"skip":true},"49":{"start":{"line":177,"column":12},"end":{"line":177,"column":46},"skip":true},"50":{"start":{"line":180,"column":8},"end":{"line":189,"column":10},"skip":true},"51":{"start":{"line":187,"column":12},"end":{"line":187,"column":94},"skip":true},"52":{"start":{"line":188,"column":12},"end":{"line":188,"column":48},"skip":true},"53":{"start":{"line":192,"column":8},"end":{"line":192,"column":35},"skip":true},"54":{"start":{"line":193,"column":8},"end":{"line":193,"column":14},"skip":true}},"branchMap":{"1":{"line":25,"type":"binary-expr","locations":[{"start":{"line":25,"column":23},"end":{"line":25,"column":62}},{"start":{"line":26,"column":20},"end":{"line":26,"column":70}},{"start":{"line":27,"column":20},"end":{"line":27,"column":71}},{"start":{"line":28,"column":20},"end":{"line":28,"column":29}}]},"2":{"line":30,"type":"binary-expr","locations":[{"start":{"line":30,"column":23},"end":{"line":30,"column":37}},{"start":{"line":31,"column":20},"end":{"line":31,"column":61}},{"start":{"line":32,"column":20},"end":{"line":32,"column":70}},{"start":{"line":33,"column":20},"end":{"line":33,"column":26}}]},"3":{"line":37,"type":"cond-expr","locations":[{"start":{"line":38,"column":14},"end":{"line":38,"column":20}},{"start":{"line":39,"column":14},"end":{"line":39,"column":20}}]},"4":{"line":40,"type":"switch","locations":[{"start":{"line":42,"column":8},"end":{"line":47,"column":18}},{"start":{"line":49,"column":8},"end":{"line":52,"column":18}}]},"5":{"line":44,"type":"binary-expr","locations":[{"start":{"line":44,"column":16},"end":{"line":44,"column":44}},{"start":{"line":44,"column":48},"end":{"line":44,"column":66}}]},"6":{"line":50,"type":"binary-expr","locations":[{"start":{"line":50,"column":21},"end":{"line":50,"column":49}},{"start":{"line":50,"column":53},"end":{"line":50,"column":72}}]},"7":{"line":64,"type":"switch","locations":[{"start":{"line":69,"column":4},"end":{"line":70,"column":14}},{"start":{"line":75,"column":4},"end":{"line":76,"column":14}}]},"8":{"line":85,"type":"switch","locations":[{"start":{"line":90,"column":4},"end":{"line":105,"column":14}},{"start":{"line":111,"column":4},"end":{"line":193,"column":14},"skip":true}]},"9":{"line":91,"type":"binary-expr","locations":[{"start":{"line":91,"column":42},"end":{"line":91,"column":73}},{"start":{"line":91,"column":77},"end":{"line":99,"column":9}}]},"10":{"line":102,"type":"binary-expr","locations":[{"start":{"line":102,"column":18},"end":{"line":102,"column":32}},{"start":{"line":103,"column":12},"end":{"line":103,"column":53}},{"start":{"line":104,"column":12},"end":{"line":104,"column":61}}]},"11":{"line":112,"type":"binary-expr","locations":[{"start":{"line":112,"column":45},"end":{"line":112,"column":79},"skip":true},{"start":{"line":112,"column":83},"end":{"line":121,"column":9},"skip":true}]},"12":{"line":123,"type":"binary-expr","locations":[{"start":{"line":123,"column":42},"end":{"line":123,"column":73},"skip":true},{"start":{"line":123,"column":77},"end":{"line":136,"column":9},"skip":true}]},"13":{"line":138,"type":"binary-expr","locations":[{"start":{"line":138,"column":48},"end":{"line":138,"column":85},"skip":true},{"start":{"line":139,"column":12},"end":{"line":145,"column":13},"skip":true}]},"14":{"line":147,"type":"binary-expr","locations":[{"start":{"line":147,"column":42},"end":{"line":147,"column":73},"skip":true},{"start":{"line":147,"column":77},"end":{"line":156,"column":9},"skip":true}]},"15":{"line":158,"type":"binary-expr","locations":[{"start":{"line":158,"column":45},"end":{"line":158,"column":79},"skip":true},{"start":{"line":158,"column":83},"end":{"line":167,"column":9},"skip":true}]},"16":{"line":169,"type":"binary-expr","locations":[{"start":{"line":169,"column":43},"end":{"line":169,"column":75},"skip":true},{"start":{"line":169,"column":79},"end":{"line":178,"column":9},"skip":true}]},"17":{"line":180,"type":"binary-expr","locations":[{"start":{"line":180,"column":41},"end":{"line":180,"column":71},"skip":true},{"start":{"line":180,"column":75},"end":{"line":189,"column":9},"skip":true}]}},"code":["/* istanbul instrument in package npmtest_ramda_fantasy */","/*jslint","    bitwise: true,","    browser: true,","    maxerr: 8,","    maxlen: 96,","    node: true,","    nomen: true,","    regexp: true,","    stupid: true","*/","(function () {","    'use strict';","    var local;","","","","    // run shared js-env code - pre-init","    (function () {","        // init local","        local = {};","        // init modeJs","        local.modeJs = (function () {","            try {","                return typeof navigator.userAgent === 'string' &&","                    typeof document.querySelector('body') === 'object' &&","                    typeof XMLHttpRequest.prototype.open === 'function' &&","                    'browser';","            } catch (errorCaughtBrowser) {","                return module.exports &&","                    typeof process.versions.node === 'string' &&","                    typeof require('http').createServer === 'function' &&","                    'node';","            }","        }());","        // init global","        local.global = local.modeJs === 'browser'","            ? window","            : global;","        switch (local.modeJs) {","        // re-init local from window.local","        case 'browser':","            local = local.global.utility2.objectSetDefault(","                local.global.utility2_rollup || local.global.local,","                local.global.utility2","            );","            break;","        // re-init local from example.js","        case 'node':","            local = (local.global.utility2_rollup || require('utility2'))","                .requireReadme();","            break;","        }","        // export local","        local.global.local = local;","    }());","","","","    // run shared js-env code - function","    (function () {","        return;","    }());","    switch (local.modeJs) {","","","","    // run browser js-env code - function","    case 'browser':","        break;","","","","    // run node js-env code - function","    case 'node':","        break;","    }","","","","    // run shared js-env code - post-init","    (function () {","        return;","    }());","    switch (local.modeJs) {","","","","    // run browser js-env code - post-init","    case 'browser':","        local.testCase_browser_nullCase = local.testCase_browser_nullCase || function (","            options,","            onError","        ) {","        /*","         * this function will test browsers's null-case handling-behavior-behavior","         */","            onError(null, options);","        };","","        // run tests","        local.nop(local.modeTest &&","            document.querySelector('#testRunButton1') &&","            document.querySelector('#testRunButton1').click());","        break;","","","","    // run node js-env code - post-init","    /* istanbul ignore next */","    case 'node':","        local.testCase_buildApidoc_default = local.testCase_buildApidoc_default || function (","            options,","            onError","        ) {","        /*","         * this function will test buildApidoc's default handling-behavior-behavior","         */","            options = { modulePathList: module.paths };","            local.buildApidoc(options, onError);","        };","","        local.testCase_buildApp_default = local.testCase_buildApp_default || function (","            options,","            onError","        ) {","        /*","         * this function will test buildApp's default handling-behavior-behavior","         */","            local.testCase_buildReadme_default(options, local.onErrorThrow);","            local.testCase_buildLib_default(options, local.onErrorThrow);","            local.testCase_buildTest_default(options, local.onErrorThrow);","            local.testCase_buildCustomOrg_default(options, local.onErrorThrow);","            options = [];","            local.buildApp(options, onError);","        };","","        local.testCase_buildCustomOrg_default = local.testCase_buildCustomOrg_default ||","            function (options, onError) {","            /*","             * this function will test buildCustomOrg's default handling-behavior","             */","                options = {};","                local.buildCustomOrg(options, onError);","            };","","        local.testCase_buildLib_default = local.testCase_buildLib_default || function (","            options,","            onError","        ) {","        /*","         * this function will test buildLib's default handling-behavior","         */","            options = {};","            local.buildLib(options, onError);","        };","","        local.testCase_buildReadme_default = local.testCase_buildReadme_default || function (","            options,","            onError","        ) {","        /*","         * this function will test buildReadme's default handling-behavior-behavior","         */","            options = {};","            local.buildReadme(options, onError);","        };","","        local.testCase_buildTest_default = local.testCase_buildTest_default || function (","            options,","            onError","        ) {","        /*","         * this function will test buildTest's default handling-behavior","         */","            options = {};","            local.buildTest(options, onError);","        };","","        local.testCase_webpage_default = local.testCase_webpage_default || function (","            options,","            onError","        ) {","        /*","         * this function will test webpage's default handling-behavior","         */","            options = { modeCoverageMerge: true, url: local.serverLocalHost + '?modeTest=1' };","            local.browserTest(options, onError);","        };","","        // run test-server","        local.testRunServer(local);","        break;","    }","}());",""],"l":{"12":2,"14":2,"19":2,"21":2,"23":2,"24":2,"25":2,"30":1,"37":2,"40":2,"43":1,"47":1,"50":1,"52":1,"55":2,"61":2,"62":2,"64":2,"70":1,"76":1,"82":2,"83":2,"85":2,"91":1,"98":1,"102":1,"105":1,"112":1,"119":1,"120":1,"123":1,"130":1,"131":1,"132":1,"133":1,"134":1,"135":1,"138":1,"143":2,"144":2,"147":1,"154":2,"155":2,"158":1,"165":2,"166":2,"169":1,"176":2,"177":2,"180":1,"187":1,"188":1,"192":1,"193":1}},"/home/travis/build/npmtest/node-npmtest-ramda-fantasy/lib.npmtest_ramda_fantasy.js":{"path":"/home/travis/build/npmtest/node-npmtest-ramda-fantasy/lib.npmtest_ramda_fantasy.js","s":{"1":2,"2":2,"3":2,"4":2,"5":2,"6":2,"7":2,"8":1,"9":2,"10":2,"11":2,"12":2,"13":1,"14":1,"15":1,"16":1},"b":{"1":[2,1,1,1],"2":[1,1,1,1],"3":[1,1],"4":[2,2],"5":[1,1]},"f":{"1":2,"2":2,"3":2},"fnMap":{"1":{"name":"(anonymous_1)","line":12,"loc":{"start":{"line":12,"column":1},"end":{"line":12,"column":13}}},"2":{"name":"(anonymous_2)","line":19,"loc":{"start":{"line":19,"column":5},"end":{"line":19,"column":17}}},"3":{"name":"(anonymous_3)","line":23,"loc":{"start":{"line":23,"column":24},"end":{"line":23,"column":36}}}},"statementMap":{"1":{"start":{"line":12,"column":0},"end":{"line":53,"column":5}},"2":{"start":{"line":14,"column":4},"end":{"line":14,"column":14}},"3":{"start":{"line":19,"column":4},"end":{"line":52,"column":9}},"4":{"start":{"line":21,"column":8},"end":{"line":21,"column":19}},"5":{"start":{"line":23,"column":8},"end":{"line":35,"column":13}},"6":{"start":{"line":24,"column":12},"end":{"line":34,"column":13}},"7":{"start":{"line":25,"column":16},"end":{"line":28,"column":30}},"8":{"start":{"line":30,"column":16},"end":{"line":33,"column":27}},"9":{"start":{"line":37,"column":8},"end":{"line":39,"column":21}},"10":{"start":{"line":41,"column":8},"end":{"line":41,"column":54}},"11":{"start":{"line":43,"column":8},"end":{"line":43,"column":58}},"12":{"start":{"line":45,"column":8},"end":{"line":51,"column":9}},"13":{"start":{"line":46,"column":12},"end":{"line":46,"column":64}},"14":{"start":{"line":48,"column":12},"end":{"line":48,"column":35}},"15":{"start":{"line":49,"column":12},"end":{"line":49,"column":49}},"16":{"start":{"line":50,"column":12},"end":{"line":50,"column":43}}},"branchMap":{"1":{"line":25,"type":"binary-expr","locations":[{"start":{"line":25,"column":23},"end":{"line":25,"column":62}},{"start":{"line":26,"column":20},"end":{"line":26,"column":70}},{"start":{"line":27,"column":20},"end":{"line":27,"column":71}},{"start":{"line":28,"column":20},"end":{"line":28,"column":29}}]},"2":{"line":30,"type":"binary-expr","locations":[{"start":{"line":30,"column":23},"end":{"line":30,"column":37}},{"start":{"line":31,"column":20},"end":{"line":31,"column":61}},{"start":{"line":32,"column":20},"end":{"line":32,"column":70}},{"start":{"line":33,"column":20},"end":{"line":33,"column":26}}]},"3":{"line":37,"type":"cond-expr","locations":[{"start":{"line":38,"column":14},"end":{"line":38,"column":20}},{"start":{"line":39,"column":14},"end":{"line":39,"column":20}}]},"4":{"line":41,"type":"binary-expr","locations":[{"start":{"line":41,"column":16},"end":{"line":41,"column":44}},{"start":{"line":41,"column":48},"end":{"line":41,"column":53}}]},"5":{"line":45,"type":"if","locations":[{"start":{"line":45,"column":8},"end":{"line":45,"column":8}},{"start":{"line":45,"column":8},"end":{"line":45,"column":8}}]}},"code":["/* istanbul instrument in package npmtest_ramda_fantasy */","/*jslint","    bitwise: true,","    browser: true,","    maxerr: 8,","    maxlen: 96,","    node: true,","    nomen: true,","    regexp: true,","    stupid: true","*/","(function () {","    'use strict';","    var local;","","","","    // run shared js-env code - pre-init","    (function () {","        // init local","        local = {};","        // init modeJs","        local.modeJs = (function () {","            try {","                return typeof navigator.userAgent === 'string' &&","                    typeof document.querySelector('body') === 'object' &&","                    typeof XMLHttpRequest.prototype.open === 'function' &&","                    'browser';","            } catch (errorCaughtBrowser) {","                return module.exports &&","                    typeof process.versions.node === 'string' &&","                    typeof require('http').createServer === 'function' &&","                    'node';","            }","        }());","        // init global","        local.global = local.modeJs === 'browser'","            ? window","            : global;","        // init utility2_rollup","        local = local.global.utility2_rollup || local;","        // init lib","        local.local = local.npmtest_ramda_fantasy = local;","        // init exports","        if (local.modeJs === 'browser') {","            local.global.utility2_npmtest_ramda_fantasy = local;","        } else {","            module.exports = local;","            module.exports.__dirname = __dirname;","            module.exports.module = module;","        }","    }());","}());",""],"l":{"12":2,"14":2,"19":2,"21":2,"23":2,"24":2,"25":2,"30":1,"37":2,"41":2,"43":2,"45":2,"46":1,"48":1,"49":1,"50":1}},"/home/travis/build/npmtest/node-npmtest-ramda-fantasy/example.js":{"path":"/home/travis/build/npmtest/node-npmtest-ramda-fantasy/example.js","s":{"1":2,"2":2,"3":2,"4":2,"5":2,"6":2,"7":2,"8":1,"9":2,"10":2,"11":2,"12":2,"13":1,"14":2,"15":2,"16":2,"17":2,"18":2,"19":0,"20":2,"21":1,"22":1,"23":1,"24":1,"25":1,"26":0,"27":0,"28":1,"29":1,"30":2,"31":0,"32":0,"33":0,"34":1,"35":2,"36":2,"37":3,"38":3,"39":3,"40":3,"41":0,"42":3,"43":3,"44":3,"45":1,"46":3,"47":1,"48":1,"49":1,"50":1,"51":1,"52":1,"53":1,"54":1,"55":1,"56":1,"57":0,"58":1,"59":6,"60":6,"61":1,"62":2,"63":0,"64":2,"65":1,"66":1,"67":0,"68":0,"69":0,"70":0,"71":0,"72":0,"73":0,"74":0,"75":0,"76":0,"77":0,"78":0,"79":0,"80":0,"81":0,"82":0,"83":0},"b":{"1":[2,1,1,1],"2":[1,1,1,1],"3":[1,1],"4":[2,2],"5":[1,1],"6":[1,1],"7":[2,0],"8":[2,1,1,1,1,1],"9":[0,2,0],"10":[1,1],"11":[2,1,1],"12":[1,0],"13":[0,2],"14":[2,0,0,0,0,0,0],"15":[0,3],"16":[3,0],"17":[1,1],"18":[0,1],"19":[1,2,0,2],"20":[1,0],"21":[1,1],"22":[0,0],"23":[0,0],"24":[0,0],"25":[0,0],"26":[0,0],"27":[0,0],"28":[0,0]},"f":{"1":2,"2":2,"3":2,"4":2,"5":2,"6":2,"7":3,"8":3,"9":3,"10":1,"11":6,"12":0},"fnMap":{"1":{"name":"(anonymous_1)","line":26,"loc":{"start":{"line":26,"column":1},"end":{"line":26,"column":13}}},"2":{"name":"(anonymous_2)","line":33,"loc":{"start":{"line":33,"column":5},"end":{"line":33,"column":17}}},"3":{"name":"(anonymous_3)","line":37,"loc":{"start":{"line":37,"column":24},"end":{"line":37,"column":36}}},"4":{"name":"(anonymous_4)","line":69,"loc":{"start":{"line":69,"column":31},"end":{"line":69,"column":48}},"skip":true},"5":{"name":"(anonymous_5)","line":78,"loc":{"start":{"line":78,"column":26},"end":{"line":78,"column":45}},"skip":true},"6":{"name":"(anonymous_6)","line":123,"loc":{"start":{"line":123,"column":33},"end":{"line":123,"column":48}},"skip":true},"7":{"name":"(anonymous_7)","line":125,"loc":{"start":{"line":125,"column":27},"end":{"line":125,"column":39}},"skip":true},"8":{"name":"(anonymous_8)","line":133,"loc":{"start":{"line":133,"column":59},"end":{"line":133,"column":74}},"skip":true},"9":{"name":"(anonymous_9)","line":143,"loc":{"start":{"line":143,"column":45},"end":{"line":143,"column":62}},"skip":true},"10":{"name":"(anonymous_10)","line":144,"loc":{"start":{"line":144,"column":73},"end":{"line":144,"column":92}},"skip":true},"11":{"name":"(anonymous_11)","line":272,"loc":{"start":{"line":272,"column":51},"end":{"line":272,"column":77}},"skip":true},"12":{"name":"(anonymous_12)","line":315,"loc":{"start":{"line":315,"column":32},"end":{"line":315,"column":61}},"skip":true}},"statementMap":{"1":{"start":{"line":26,"column":0},"end":{"line":326,"column":5}},"2":{"start":{"line":28,"column":4},"end":{"line":28,"column":14}},"3":{"start":{"line":33,"column":4},"end":{"line":60,"column":9}},"4":{"start":{"line":35,"column":8},"end":{"line":35,"column":19}},"5":{"start":{"line":37,"column":8},"end":{"line":49,"column":13}},"6":{"start":{"line":38,"column":12},"end":{"line":48,"column":13}},"7":{"start":{"line":39,"column":16},"end":{"line":42,"column":30}},"8":{"start":{"line":44,"column":16},"end":{"line":47,"column":27}},"9":{"start":{"line":51,"column":8},"end":{"line":53,"column":21}},"10":{"start":{"line":55,"column":8},"end":{"line":57,"column":45}},"11":{"start":{"line":59,"column":8},"end":{"line":59,"column":35}},"12":{"start":{"line":61,"column":4},"end":{"line":325,"column":5}},"13":{"start":{"line":69,"column":8},"end":{"line":121,"column":10},"skip":true},"14":{"start":{"line":70,"column":12},"end":{"line":88,"column":13},"skip":true},"15":{"start":{"line":76,"column":16},"end":{"line":87,"column":19},"skip":true},"16":{"start":{"line":79,"column":20},"end":{"line":86,"column":21},"skip":true},"17":{"start":{"line":82,"column":24},"end":{"line":82,"column":43},"skip":true},"18":{"start":{"line":83,"column":24},"end":{"line":83,"column":30},"skip":true},"19":{"start":{"line":85,"column":24},"end":{"line":85,"column":49},"skip":true},"20":{"start":{"line":89,"column":12},"end":{"line":107,"column":13},"skip":true},"21":{"start":{"line":92,"column":16},"end":{"line":102,"column":17},"skip":true},"22":{"start":{"line":93,"column":20},"end":{"line":93,"column":86},"skip":true},"23":{"start":{"line":94,"column":20},"end":{"line":95,"column":45},"skip":true},"24":{"start":{"line":96,"column":20},"end":{"line":96,"column":42},"skip":true},"25":{"start":{"line":97,"column":20},"end":{"line":97,"column":48},"skip":true},"26":{"start":{"line":100,"column":20},"end":{"line":100,"column":85},"skip":true},"27":{"start":{"line":101,"column":20},"end":{"line":101,"column":96},"skip":true},"28":{"start":{"line":103,"column":16},"end":{"line":103,"column":22},"skip":true},"29":{"start":{"line":106,"column":16},"end":{"line":106,"column":22},"skip":true},"30":{"start":{"line":108,"column":12},"end":{"line":120,"column":13},"skip":true},"31":{"start":{"line":114,"column":16},"end":{"line":119,"column":17},"skip":true},"32":{"start":{"line":116,"column":20},"end":{"line":116,"column":78},"skip":true},"33":{"start":{"line":118,"column":20},"end":{"line":118,"column":47},"skip":true},"34":{"start":{"line":123,"column":8},"end":{"line":141,"column":11},"skip":true},"35":{"start":{"line":124,"column":12},"end":{"line":124,"column":54},"skip":true},"36":{"start":{"line":125,"column":12},"end":{"line":140,"column":14},"skip":true},"37":{"start":{"line":126,"column":16},"end":{"line":126,"column":28},"skip":true},"38":{"start":{"line":127,"column":16},"end":{"line":127,"column":69},"skip":true},"39":{"start":{"line":128,"column":16},"end":{"line":128,"column":75},"skip":true},"40":{"start":{"line":129,"column":16},"end":{"line":131,"column":17},"skip":true},"41":{"start":{"line":130,"column":20},"end":{"line":130,"column":27},"skip":true},"42":{"start":{"line":133,"column":16},"end":{"line":137,"column":36},"skip":true},"43":{"start":{"line":134,"column":20},"end":{"line":136,"column":55},"skip":true},"44":{"start":{"line":139,"column":16},"end":{"line":139,"column":57},"skip":true},"45":{"start":{"line":143,"column":8},"end":{"line":147,"column":11},"skip":true},"46":{"start":{"line":144,"column":12},"end":{"line":146,"column":15},"skip":true},"47":{"start":{"line":145,"column":16},"end":{"line":145,"column":70},"skip":true},"48":{"start":{"line":149,"column":8},"end":{"line":149,"column":31},"skip":true},"49":{"start":{"line":150,"column":8},"end":{"line":150,"column":14},"skip":true},"50":{"start":{"line":158,"column":8},"end":{"line":158,"column":31},"skip":true},"51":{"start":{"line":160,"column":8},"end":{"line":160,"column":33},"skip":true},"52":{"start":{"line":161,"column":8},"end":{"line":161,"column":37},"skip":true},"53":{"start":{"line":162,"column":8},"end":{"line":162,"column":35},"skip":true},"54":{"start":{"line":164,"column":8},"end":{"line":164,"column":50},"skip":true},"55":{"start":{"line":166,"column":8},"end":{"line":256,"column":2},"skip":true},"56":{"start":{"line":258,"column":8},"end":{"line":286,"column":9},"skip":true},"57":{"start":{"line":259,"column":12},"end":{"line":269,"column":14},"skip":true},"58":{"start":{"line":271,"column":12},"end":{"line":285,"column":19},"skip":true},"59":{"start":{"line":274,"column":20},"end":{"line":274,"column":35},"skip":true},"60":{"start":{"line":275,"column":20},"end":{"line":284,"column":21},"skip":true},"61":{"start":{"line":277,"column":24},"end":{"line":277,"column":64},"skip":true},"62":{"start":{"line":279,"column":24},"end":{"line":279,"column":40},"skip":true},"63":{"start":{"line":281,"column":24},"end":{"line":281,"column":40},"skip":true},"64":{"start":{"line":283,"column":24},"end":{"line":283,"column":39},"skip":true},"65":{"start":{"line":288,"column":8},"end":{"line":290,"column":9},"skip":true},"66":{"start":{"line":289,"column":12},"end":{"line":289,"column":18},"skip":true},"67":{"start":{"line":291,"column":8},"end":{"line":293,"column":54},"skip":true},"68":{"start":{"line":296,"column":8},"end":{"line":301,"column":37},"skip":true},"69":{"start":{"line":303,"column":8},"end":{"line":303,"column":82},"skip":true},"70":{"start":{"line":306,"column":8},"end":{"line":308,"column":9},"skip":true},"71":{"start":{"line":307,"column":12},"end":{"line":307,"column":82},"skip":true},"72":{"start":{"line":310,"column":8},"end":{"line":312,"column":9},"skip":true},"73":{"start":{"line":311,"column":12},"end":{"line":311,"column":18},"skip":true},"74":{"start":{"line":313,"column":8},"end":{"line":313,"column":54},"skip":true},"75":{"start":{"line":314,"column":8},"end":{"line":314,"column":69},"skip":true},"76":{"start":{"line":315,"column":8},"end":{"line":323,"column":36},"skip":true},"77":{"start":{"line":316,"column":12},"end":{"line":316,"column":61},"skip":true},"78":{"start":{"line":317,"column":12},"end":{"line":320,"column":13},"skip":true},"79":{"start":{"line":318,"column":16},"end":{"line":318,"column":75},"skip":true},"80":{"start":{"line":319,"column":16},"end":{"line":319,"column":23},"skip":true},"81":{"start":{"line":321,"column":12},"end":{"line":321,"column":38},"skip":true},"82":{"start":{"line":322,"column":12},"end":{"line":322,"column":27},"skip":true},"83":{"start":{"line":324,"column":8},"end":{"line":324,"column":14},"skip":true}},"branchMap":{"1":{"line":39,"type":"binary-expr","locations":[{"start":{"line":39,"column":23},"end":{"line":39,"column":62}},{"start":{"line":40,"column":20},"end":{"line":40,"column":70}},{"start":{"line":41,"column":20},"end":{"line":41,"column":71}},{"start":{"line":42,"column":20},"end":{"line":42,"column":29}}]},"2":{"line":44,"type":"binary-expr","locations":[{"start":{"line":44,"column":23},"end":{"line":44,"column":37}},{"start":{"line":45,"column":20},"end":{"line":45,"column":61}},{"start":{"line":46,"column":20},"end":{"line":46,"column":70}},{"start":{"line":47,"column":20},"end":{"line":47,"column":26}}]},"3":{"line":51,"type":"cond-expr","locations":[{"start":{"line":52,"column":14},"end":{"line":52,"column":20}},{"start":{"line":53,"column":14},"end":{"line":53,"column":20}}]},"4":{"line":55,"type":"binary-expr","locations":[{"start":{"line":55,"column":16},"end":{"line":55,"column":44}},{"start":{"line":55,"column":49},"end":{"line":57,"column":43}}]},"5":{"line":55,"type":"cond-expr","locations":[{"start":{"line":56,"column":14},"end":{"line":56,"column":57}},{"start":{"line":57,"column":14},"end":{"line":57,"column":43}}]},"6":{"line":61,"type":"switch","locations":[{"start":{"line":68,"column":4},"end":{"line":150,"column":14},"skip":true},{"start":{"line":156,"column":4},"end":{"line":324,"column":14},"skip":true}]},"7":{"line":70,"type":"if","locations":[{"start":{"line":70,"column":12},"end":{"line":70,"column":12},"skip":true},{"start":{"line":70,"column":12},"end":{"line":70,"column":12},"skip":true}]},"8":{"line":70,"type":"binary-expr","locations":[{"start":{"line":70,"column":16},"end":{"line":70,"column":22},"skip":true},{"start":{"line":70,"column":27},"end":{"line":70,"column":32},"skip":true},{"start":{"line":71,"column":20},"end":{"line":71,"column":39},"skip":true},{"start":{"line":72,"column":20},"end":{"line":72,"column":49},"skip":true},{"start":{"line":73,"column":20},"end":{"line":73,"column":58},"skip":true},{"start":{"line":74,"column":20},"end":{"line":74,"column":69},"skip":true}]},"9":{"line":79,"type":"switch","locations":[{"start":{"line":80,"column":20},"end":{"line":80,"column":33},"skip":true},{"start":{"line":81,"column":20},"end":{"line":83,"column":30},"skip":true},{"start":{"line":84,"column":20},"end":{"line":85,"column":49},"skip":true}]},"10":{"line":89,"type":"switch","locations":[{"start":{"line":90,"column":12},"end":{"line":103,"column":22},"skip":true},{"start":{"line":105,"column":12},"end":{"line":106,"column":22},"skip":true}]},"11":{"line":89,"type":"binary-expr","locations":[{"start":{"line":89,"column":20},"end":{"line":89,"column":25},"skip":true},{"start":{"line":89,"column":29},"end":{"line":89,"column":48},"skip":true},{"start":{"line":89,"column":52},"end":{"line":89,"column":74},"skip":true}]},"12":{"line":92,"type":"if","locations":[{"start":{"line":92,"column":16},"end":{"line":92,"column":16},"skip":true},{"start":{"line":92,"column":16},"end":{"line":92,"column":16},"skip":true}]},"13":{"line":108,"type":"if","locations":[{"start":{"line":108,"column":12},"end":{"line":108,"column":12},"skip":true},{"start":{"line":108,"column":12},"end":{"line":108,"column":12},"skip":true}]},"14":{"line":108,"type":"binary-expr","locations":[{"start":{"line":108,"column":16},"end":{"line":108,"column":61},"skip":true},{"start":{"line":108,"column":66},"end":{"line":108,"column":72},"skip":true},{"start":{"line":108,"column":77},"end":{"line":108,"column":82},"skip":true},{"start":{"line":109,"column":20},"end":{"line":109,"column":39},"skip":true},{"start":{"line":110,"column":20},"end":{"line":110,"column":49},"skip":true},{"start":{"line":111,"column":20},"end":{"line":111,"column":58},"skip":true},{"start":{"line":112,"column":20},"end":{"line":112,"column":68},"skip":true}]},"15":{"line":129,"type":"if","locations":[{"start":{"line":129,"column":16},"end":{"line":129,"column":16},"skip":true},{"start":{"line":129,"column":16},"end":{"line":129,"column":16},"skip":true}]},"16":{"line":134,"type":"cond-expr","locations":[{"start":{"line":135,"column":26},"end":{"line":135,"column":29},"skip":true},{"start":{"line":136,"column":26},"end":{"line":136,"column":54},"skip":true}]},"17":{"line":164,"type":"binary-expr","locations":[{"start":{"line":164,"column":27},"end":{"line":164,"column":43},"skip":true},{"start":{"line":164,"column":47},"end":{"line":164,"column":49},"skip":true}]},"18":{"line":258,"type":"if","locations":[{"start":{"line":258,"column":8},"end":{"line":258,"column":8},"skip":true},{"start":{"line":258,"column":8},"end":{"line":258,"column":8},"skip":true}]},"19":{"line":275,"type":"switch","locations":[{"start":{"line":276,"column":20},"end":{"line":277,"column":64},"skip":true},{"start":{"line":278,"column":20},"end":{"line":279,"column":40},"skip":true},{"start":{"line":280,"column":20},"end":{"line":281,"column":40},"skip":true},{"start":{"line":282,"column":20},"end":{"line":283,"column":39},"skip":true}]},"20":{"line":288,"type":"if","locations":[{"start":{"line":288,"column":8},"end":{"line":288,"column":8},"skip":true},{"start":{"line":288,"column":8},"end":{"line":288,"column":8},"skip":true}]},"21":{"line":288,"type":"binary-expr","locations":[{"start":{"line":288,"column":12},"end":{"line":288,"column":40},"skip":true},{"start":{"line":288,"column":44},"end":{"line":288,"column":67},"skip":true}]},"22":{"line":292,"type":"binary-expr","locations":[{"start":{"line":292,"column":12},"end":{"line":292,"column":50},"skip":true},{"start":{"line":293,"column":12},"end":{"line":293,"column":53},"skip":true}]},"23":{"line":297,"type":"binary-expr","locations":[{"start":{"line":297,"column":12},"end":{"line":297,"column":71},"skip":true},{"start":{"line":298,"column":12},"end":{"line":301,"column":36},"skip":true}]},"24":{"line":303,"type":"binary-expr","locations":[{"start":{"line":303,"column":43},"end":{"line":303,"column":75},"skip":true},{"start":{"line":303,"column":79},"end":{"line":303,"column":81},"skip":true}]},"25":{"line":306,"type":"if","locations":[{"start":{"line":306,"column":8},"end":{"line":306,"column":8},"skip":true},{"start":{"line":306,"column":8},"end":{"line":306,"column":8},"skip":true}]},"26":{"line":310,"type":"if","locations":[{"start":{"line":310,"column":8},"end":{"line":310,"column":8},"skip":true},{"start":{"line":310,"column":8},"end":{"line":310,"column":8},"skip":true}]},"27":{"line":313,"type":"binary-expr","locations":[{"start":{"line":313,"column":27},"end":{"line":313,"column":43},"skip":true},{"start":{"line":313,"column":47},"end":{"line":313,"column":53},"skip":true}]},"28":{"line":317,"type":"if","locations":[{"start":{"line":317,"column":12},"end":{"line":317,"column":12},"skip":true},{"start":{"line":317,"column":12},"end":{"line":317,"column":12},"skip":true}]}},"code":["/*","example.js","","quickstart example","","instruction","    1. save this script as example.js","    2. run the shell command:","        $ npm install npmtest-ramda-fantasy && PORT=8081 node example.js","    3. play with the browser-demo on http://127.0.0.1:8081","*/","","","","/* istanbul instrument in package npmtest_ramda_fantasy */","/*jslint","    bitwise: true,","    browser: true,","    maxerr: 8,","    maxlen: 96,","    node: true,","    nomen: true,","    regexp: true,","    stupid: true","*/","(function () {","    'use strict';","    var local;","","","","    // run shared js-env code - pre-init","    (function () {","        // init local","        local = {};","        // init modeJs","        local.modeJs = (function () {","            try {","                return typeof navigator.userAgent === 'string' &&","                    typeof document.querySelector('body') === 'object' &&","                    typeof XMLHttpRequest.prototype.open === 'function' &&","                    'browser';","            } catch (errorCaughtBrowser) {","                return module.exports &&","                    typeof process.versions.node === 'string' &&","                    typeof require('http').createServer === 'function' &&","                    'node';","            }","        }());","        // init global","        local.global = local.modeJs === 'browser'","            ? window","            : global;","        // init utility2_rollup","        local = local.global.utility2_rollup || (local.modeJs === 'browser'","            ? local.global.utility2_npmtest_ramda_fantasy","            : global.utility2_moduleExports);","        // export local","        local.global.local = local;","    }());","    switch (local.modeJs) {","","","","    // post-init","    // run browser js-env code - post-init","    /* istanbul ignore next */","    case 'browser':","        local.testRunBrowser = function (event) {","            if (!event || (event &&","                    event.currentTarget &&","                    event.currentTarget.className &&","                    event.currentTarget.className.includes &&","                    event.currentTarget.className.includes('onreset'))) {","                // reset output","                Array.from(","                    document.querySelectorAll('body > .resettable')","                ).forEach(function (element) {","                    switch (element.tagName) {","                    case 'INPUT':","                    case 'TEXTAREA':","                        element.value = '';","                        break;","                    default:","                        element.textContent = '';","                    }","                });","            }","            switch (event && event.currentTarget && event.currentTarget.id) {","            case 'testRunButton1':","                // show tests","                if (document.querySelector('#testReportDiv1').style.display === 'none') {","                    document.querySelector('#testReportDiv1').style.display = 'block';","                    document.querySelector('#testRunButton1').textContent =","                        'hide internal test';","                    local.modeTest = true;","                    local.testRunDefault(local);","                // hide tests","                } else {","                    document.querySelector('#testReportDiv1').style.display = 'none';","                    document.querySelector('#testRunButton1').textContent = 'run internal test';","                }","                break;","            // custom-case","            default:","                break;","            }","            if (document.querySelector('#inputTextareaEval1') && (!event || (event &&","                    event.currentTarget &&","                    event.currentTarget.className &&","                    event.currentTarget.className.includes &&","                    event.currentTarget.className.includes('oneval')))) {","                // try to eval input-code","                try {","                    /*jslint evil: true*/","                    eval(document.querySelector('#inputTextareaEval1').value);","                } catch (errorCaught) {","                    console.error(errorCaught);","                }","            }","        };","        // log stderr and stdout to #outputTextareaStdout1","        ['error', 'log'].forEach(function (key) {","            console[key + '_original'] = console[key];","            console[key] = function () {","                var element;","                console[key + '_original'].apply(console, arguments);","                element = document.querySelector('#outputTextareaStdout1');","                if (!element) {","                    return;","                }","                // append text to #outputTextareaStdout1","                element.value += Array.from(arguments).map(function (arg) {","                    return typeof arg === 'string'","                        ? arg","                        : JSON.stringify(arg, null, 4);","                }).join(' ') + '\\n';","                // scroll textarea to bottom","                element.scrollTop = element.scrollHeight;","            };","        });","        // init event-handling","        ['change', 'click', 'keyup'].forEach(function (event) {","            Array.from(document.querySelectorAll('.on' + event)).forEach(function (element) {","                element.addEventListener(event, local.testRunBrowser);","            });","        });","        // run tests","        local.testRunBrowser();","        break;","","","","    // run node js-env code - post-init","    /* istanbul ignore next */","    case 'node':","        // export local","        module.exports = local;","        // require modules","        local.fs = require('fs');","        local.http = require('http');","        local.url = require('url');","        // init assets","        local.assetsDict = local.assetsDict || {};","        /* jslint-ignore-begin */","        local.assetsDict['/assets.index.template.html'] = '\\","<!doctype html>\\n\\","<html lang=\"en\">\\n\\","<head>\\n\\","<meta charset=\"UTF-8\">\\n\\","<meta name=\"viewport\" content=\"width=device-width, initial-scale=1\">\\n\\","<title>{{env.npm_package_name}} (v{{env.npm_package_version}})</title>\\n\\","<style>\\n\\","/*csslint\\n\\","    box-sizing: false,\\n\\","    universal-selector: false\\n\\","*/\\n\\","* {\\n\\","    box-sizing: border-box;\\n\\","}\\n\\","body {\\n\\","    background: #dde;\\n\\","    font-family: Arial, Helvetica, sans-serif;\\n\\","    margin: 2rem;\\n\\","}\\n\\","body > * {\\n\\","    margin-bottom: 1rem;\\n\\","}\\n\\",".utility2FooterDiv {\\n\\","    margin-top: 20px;\\n\\","    text-align: center;\\n\\","}\\n\\","</style>\\n\\","<style>\\n\\","/*csslint\\n\\","*/\\n\\","textarea {\\n\\","    font-family: monospace;\\n\\","    height: 10rem;\\n\\","    width: 100%;\\n\\","}\\n\\","textarea[readonly] {\\n\\","    background: #ddd;\\n\\","}\\n\\","</style>\\n\\","</head>\\n\\","<body>\\n\\","<!-- utility2-comment\\n\\","<div id=\"ajaxProgressDiv1\" style=\"background: #d00; height: 2px; left: 0; margin: 0; padding: 0; position: fixed; top: 0; transition: background 0.5s, width 1.5s; width: 25%;\"></div>\\n\\","utility2-comment -->\\n\\","<h1>\\n\\","<!-- utility2-comment\\n\\","    <a\\n\\","        {{#if env.npm_package_homepage}}\\n\\","        href=\"{{env.npm_package_homepage}}\"\\n\\","        {{/if env.npm_package_homepage}}\\n\\","        target=\"_blank\"\\n\\","    >\\n\\","utility2-comment -->\\n\\","        {{env.npm_package_name}} (v{{env.npm_package_version}})\\n\\","<!-- utility2-comment\\n\\","    </a>\\n\\","utility2-comment -->\\n\\","</h1>\\n\\","<h3>{{env.npm_package_description}}</h3>\\n\\","<!-- utility2-comment\\n\\","<h4><a download href=\"assets.app.js\">download standalone app</a></h4>\\n\\","<button class=\"onclick onreset\" id=\"testRunButton1\">run internal test</button><br>\\n\\","<div id=\"testReportDiv1\" style=\"display: none;\"></div>\\n\\","utility2-comment -->\\n\\","\\n\\","\\n\\","\\n\\","<label>stderr and stdout</label>\\n\\","<textarea class=\"resettable\" id=\"outputTextareaStdout1\" readonly></textarea>\\n\\","<!-- utility2-comment\\n\\","{{#if isRollup}}\\n\\","<script src=\"assets.app.js\"></script>\\n\\","{{#unless isRollup}}\\n\\","utility2-comment -->\\n\\","<script src=\"assets.utility2.rollup.js\"></script>\\n\\","<script src=\"jsonp.utility2._stateInit?callback=window.utility2._stateInit\"></script>\\n\\","<script src=\"assets.npmtest_ramda_fantasy.rollup.js\"></script>\\n\\","<script src=\"assets.example.js\"></script>\\n\\","<script src=\"assets.test.js\"></script>\\n\\","<!-- utility2-comment\\n\\","{{/if isRollup}}\\n\\","utility2-comment -->\\n\\","<div class=\"utility2FooterDiv\">\\n\\","    [ this app was created with\\n\\","    <a href=\"https://github.com/kaizhu256/node-utility2\" target=\"_blank\">utility2</a>\\n\\","    ]\\n\\","</div>\\n\\","</body>\\n\\","</html>\\n\\","';","        /* jslint-ignore-end */","        if (local.templateRender) {","            local.assetsDict['/'] = local.templateRender(","                local.assetsDict['/assets.index.template.html'],","                {","                    env: local.objectSetDefault(local.env, {","                        npm_package_description: 'the greatest app in the world!',","                        npm_package_name: 'my-app',","                        npm_package_nameAlias: 'my_app',","                        npm_package_version: '0.0.1'","                    })","                }","            );","        } else {","            local.assetsDict['/'] = local.assetsDict['/assets.index.template.html']","                .replace((/\\{\\{env\\.(\\w+?)\\}\\}/g), function (match0, match1) {","                    // jslint-hack","                    String(match0);","                    switch (match1) {","                    case 'npm_package_description':","                        return 'the greatest app in the world!';","                    case 'npm_package_name':","                        return 'my-app';","                    case 'npm_package_nameAlias':","                        return 'my_app';","                    case 'npm_package_version':","                        return '0.0.1';","                    }","                });","        }","        // run the cli","        if (local.global.utility2_rollup || module !== require.main) {","            break;","        }","        local.assetsDict['/assets.example.js'] =","            local.assetsDict['/assets.example.js'] ||","            local.fs.readFileSync(__filename, 'utf8');","        // bug-workaround - long $npm_package_buildCustomOrg","        /* jslint-ignore-begin */","        local.assetsDict['/assets.npmtest_ramda_fantasy.rollup.js'] =","            local.assetsDict['/assets.npmtest_ramda_fantasy.rollup.js'] ||","            local.fs.readFileSync(","                local.npmtest_ramda_fantasy.__dirname + '/lib.npmtest_ramda_fantasy.js',","                'utf8'","            ).replace((/^#!/), '//');","        /* jslint-ignore-end */","        local.assetsDict['/favicon.ico'] = local.assetsDict['/favicon.ico'] || '';","        // if $npm_config_timeout_exit exists,","        // then exit this process after $npm_config_timeout_exit ms","        if (Number(process.env.npm_config_timeout_exit)) {","            setTimeout(process.exit, Number(process.env.npm_config_timeout_exit));","        }","        // start server","        if (local.global.utility2_serverHttp1) {","            break;","        }","        process.env.PORT = process.env.PORT || '8081';","        console.error('server starting on port ' + process.env.PORT);","        local.http.createServer(function (request, response) {","            request.urlParsed = local.url.parse(request.url);","            if (local.assetsDict[request.urlParsed.pathname] !== undefined) {","                response.end(local.assetsDict[request.urlParsed.pathname]);","                return;","            }","            response.statusCode = 404;","            response.end();","        }).listen(process.env.PORT);","        break;","    }","}());",""],"l":{"26":2,"28":2,"33":2,"35":2,"37":2,"38":2,"39":2,"44":1,"51":2,"55":2,"59":2,"61":2,"69":1,"70":2,"76":2,"79":2,"82":2,"83":2,"85":1,"89":2,"92":1,"93":1,"94":1,"96":1,"97":1,"100":1,"101":1,"103":1,"106":1,"108":2,"114":1,"116":1,"118":1,"123":1,"124":2,"125":2,"126":3,"127":3,"128":3,"129":3,"130":1,"133":3,"134":3,"139":3,"143":1,"144":3,"145":1,"149":1,"150":1,"158":1,"160":1,"161":1,"162":1,"164":1,"166":1,"258":1,"259":1,"271":1,"274":6,"275":6,"277":1,"279":2,"281":1,"283":2,"288":1,"289":1,"291":1,"296":1,"303":1,"306":1,"307":1,"310":1,"311":1,"313":1,"314":1,"315":1,"316":1,"317":1,"318":1,"319":1,"321":1,"322":1,"324":1}},"/home/travis/build/npmtest/node-npmtest-ramda-fantasy/node_modules/ramda-fantasy/index.js":{"path":"/home/travis/build/npmtest/node-npmtest-ramda-fantasy/node_modules/ramda-fantasy/index.js","s":{"1":1},"b":{},"f":{},"fnMap":{},"statementMap":{"1":{"start":{"line":1,"column":0},"end":{"line":12,"column":2}}},"branchMap":{},"code":["module.exports = {","  Either: require('./src/Either'),","  Future: require('./src/Future'),","  Identity: require('./src/Identity'),","  IO: require('./src/IO'),","  lift2: require('./src/lift2'),","  lift3: require('./src/lift3'),","  Maybe: require('./src/Maybe'),","  Reader: require('./src/Reader'),","  State: require('./src/State'),","  Tuple: require('./src/Tuple')","};",""],"l":{"1":1}},"/home/travis/build/npmtest/node-npmtest-ramda-fantasy/node_modules/ramda-fantasy/src/Either.js":{"path":"/home/travis/build/npmtest/node-npmtest-ramda-fantasy/node_modules/ramda-fantasy/src/Either.js","s":{"1":1,"2":1,"3":1,"4":1,"5":0,"6":0,"7":0,"8":0,"9":0,"10":1,"11":1,"12":1,"13":0,"14":1,"15":1,"16":0,"17":0,"18":0,"19":0,"20":0,"21":1,"22":0,"23":1,"24":0,"25":1,"26":0,"27":1,"28":1,"29":1,"30":1,"31":0,"32":1,"33":0,"34":1,"35":0,"36":1,"37":0,"38":0,"39":0,"40":0,"41":0,"42":0,"43":0,"44":1,"45":0,"46":1,"47":0,"48":1,"49":0,"50":1,"51":1,"52":0,"53":1,"54":0,"55":1,"56":1,"57":1,"58":1,"59":1,"60":0,"61":1,"62":1,"63":0,"64":1,"65":1,"66":0,"67":1,"68":0,"69":1},"b":{"1":[0,0,0],"2":[0,0],"3":[0,0],"4":[0,0],"5":[0,0],"6":[0,0],"7":[0,0]},"f":{"1":0,"2":0,"3":0,"4":0,"5":0,"6":0,"7":0,"8":0,"9":0,"10":0,"11":0,"12":0,"13":0,"14":0,"15":0,"16":0,"17":0,"18":0,"19":0,"20":0},"fnMap":{"1":{"name":"Either","line":7,"loc":{"start":{"line":7,"column":0},"end":{"line":7,"column":29}}},"2":{"name":"(anonymous_2)","line":12,"loc":{"start":{"line":12,"column":13},"end":{"line":12,"column":29}}},"3":{"name":"(anonymous_3)","line":24,"loc":{"start":{"line":24,"column":34},"end":{"line":24,"column":50}}},"4":{"name":"either","line":30,"loc":{"start":{"line":30,"column":22},"end":{"line":30,"column":58}}},"5":{"name":"(anonymous_5)","line":40,"loc":{"start":{"line":40,"column":16},"end":{"line":40,"column":28}}},"6":{"name":"(anonymous_6)","line":44,"loc":{"start":{"line":44,"column":17},"end":{"line":44,"column":29}}},"7":{"name":"_Right","line":50,"loc":{"start":{"line":50,"column":0},"end":{"line":50,"column":19}}},"8":{"name":"(anonymous_8)","line":58,"loc":{"start":{"line":58,"column":23},"end":{"line":58,"column":36}}},"9":{"name":"(anonymous_9)","line":62,"loc":{"start":{"line":62,"column":22},"end":{"line":62,"column":37}}},"10":{"name":"(anonymous_10)","line":66,"loc":{"start":{"line":66,"column":25},"end":{"line":66,"column":37}}},"11":{"name":"(anonymous_11)","line":71,"loc":{"start":{"line":71,"column":46},"end":{"line":71,"column":61}}},"12":{"name":"(anonymous_12)","line":83,"loc":{"start":{"line":83,"column":25},"end":{"line":83,"column":40}}},"13":{"name":"(anonymous_13)","line":87,"loc":{"start":{"line":87,"column":26},"end":{"line":87,"column":38}}},"14":{"name":"(anonymous_14)","line":91,"loc":{"start":{"line":91,"column":28},"end":{"line":91,"column":39}}},"15":{"name":"(anonymous_15)","line":97,"loc":{"start":{"line":97,"column":15},"end":{"line":97,"column":31}}},"16":{"name":"_Left","line":103,"loc":{"start":{"line":103,"column":0},"end":{"line":103,"column":18}}},"17":{"name":"(anonymous_17)","line":113,"loc":{"start":{"line":113,"column":24},"end":{"line":113,"column":36}}},"18":{"name":"(anonymous_18)","line":119,"loc":{"start":{"line":119,"column":27},"end":{"line":119,"column":38}}},"19":{"name":"(anonymous_19)","line":125,"loc":{"start":{"line":125,"column":14},"end":{"line":125,"column":30}}},"20":{"name":"instanceEither","line":131,"loc":{"start":{"line":131,"column":26},"end":{"line":131,"column":67}}}},"statementMap":{"1":{"start":{"line":1,"column":0},"end":{"line":1,"column":39}},"2":{"start":{"line":2,"column":0},"end":{"line":2,"column":45}},"3":{"start":{"line":4,"column":0},"end":{"line":4,"column":38}},"4":{"start":{"line":7,"column":0},"end":{"line":18,"column":1}},"5":{"start":{"line":8,"column":2},"end":{"line":17,"column":3}},"6":{"start":{"line":10,"column":6},"end":{"line":10,"column":52}},"7":{"start":{"line":12,"column":6},"end":{"line":14,"column":8}},"8":{"start":{"line":13,"column":8},"end":{"line":13,"column":71}},"9":{"start":{"line":16,"column":6},"end":{"line":16,"column":69}},"10":{"start":{"line":20,"column":0},"end":{"line":20,"column":52}},"11":{"start":{"line":22,"column":0},"end":{"line":22,"column":39}},"12":{"start":{"line":24,"column":0},"end":{"line":26,"column":2}},"13":{"start":{"line":25,"column":2},"end":{"line":25,"column":29}},"14":{"start":{"line":28,"column":0},"end":{"line":28,"column":41}},"15":{"start":{"line":30,"column":0},"end":{"line":38,"column":3}},"16":{"start":{"line":31,"column":2},"end":{"line":37,"column":3}},"17":{"start":{"line":32,"column":4},"end":{"line":32,"column":27}},"18":{"start":{"line":33,"column":9},"end":{"line":37,"column":3}},"19":{"start":{"line":34,"column":4},"end":{"line":34,"column":28}},"20":{"start":{"line":36,"column":4},"end":{"line":36,"column":63}},"21":{"start":{"line":40,"column":0},"end":{"line":42,"column":2}},"22":{"start":{"line":41,"column":2},"end":{"line":41,"column":18}},"23":{"start":{"line":44,"column":0},"end":{"line":46,"column":2}},"24":{"start":{"line":45,"column":2},"end":{"line":45,"column":19}},"25":{"start":{"line":50,"column":0},"end":{"line":52,"column":1}},"26":{"start":{"line":51,"column":2},"end":{"line":51,"column":17}},"27":{"start":{"line":53,"column":0},"end":{"line":53,"column":28}},"28":{"start":{"line":55,"column":0},"end":{"line":55,"column":32}},"29":{"start":{"line":56,"column":0},"end":{"line":56,"column":32}},"30":{"start":{"line":58,"column":0},"end":{"line":60,"column":2}},"31":{"start":{"line":59,"column":2},"end":{"line":59,"column":36}},"32":{"start":{"line":62,"column":0},"end":{"line":64,"column":2}},"33":{"start":{"line":63,"column":2},"end":{"line":63,"column":30}},"34":{"start":{"line":66,"column":0},"end":{"line":68,"column":2}},"35":{"start":{"line":67,"column":2},"end":{"line":67,"column":23}},"36":{"start":{"line":71,"column":0},"end":{"line":81,"column":2}},"37":{"start":{"line":72,"column":2},"end":{"line":72,"column":40}},"38":{"start":{"line":73,"column":2},"end":{"line":79,"column":3}},"39":{"start":{"line":74,"column":4},"end":{"line":74,"column":63}},"40":{"start":{"line":75,"column":4},"end":{"line":77,"column":5}},"41":{"start":{"line":76,"column":6},"end":{"line":76,"column":17}},"42":{"start":{"line":78,"column":4},"end":{"line":78,"column":22}},"43":{"start":{"line":80,"column":2},"end":{"line":80,"column":35}},"44":{"start":{"line":83,"column":0},"end":{"line":85,"column":2}},"45":{"start":{"line":84,"column":2},"end":{"line":84,"column":35}},"46":{"start":{"line":87,"column":0},"end":{"line":89,"column":2}},"47":{"start":{"line":88,"column":2},"end":{"line":88,"column":29}},"48":{"start":{"line":91,"column":0},"end":{"line":93,"column":2}},"49":{"start":{"line":92,"column":2},"end":{"line":92,"column":54}},"50":{"start":{"line":95,"column":0},"end":{"line":95,"column":49}},"51":{"start":{"line":97,"column":0},"end":{"line":99,"column":2}},"52":{"start":{"line":98,"column":2},"end":{"line":98,"column":27}},"53":{"start":{"line":103,"column":0},"end":{"line":105,"column":1}},"54":{"start":{"line":104,"column":2},"end":{"line":104,"column":17}},"55":{"start":{"line":106,"column":0},"end":{"line":106,"column":27}},"56":{"start":{"line":108,"column":0},"end":{"line":108,"column":30}},"57":{"start":{"line":109,"column":0},"end":{"line":109,"column":32}},"58":{"start":{"line":111,"column":0},"end":{"line":111,"column":37}},"59":{"start":{"line":113,"column":0},"end":{"line":115,"column":2}},"60":{"start":{"line":114,"column":2},"end":{"line":114,"column":34}},"61":{"start":{"line":117,"column":0},"end":{"line":117,"column":41}},"62":{"start":{"line":119,"column":0},"end":{"line":121,"column":2}},"63":{"start":{"line":120,"column":2},"end":{"line":120,"column":53}},"64":{"start":{"line":123,"column":0},"end":{"line":123,"column":47}},"65":{"start":{"line":125,"column":0},"end":{"line":127,"column":2}},"66":{"start":{"line":126,"column":2},"end":{"line":126,"column":26}},"67":{"start":{"line":131,"column":0},"end":{"line":133,"column":2}},"68":{"start":{"line":132,"column":2},"end":{"line":132,"column":64}},"69":{"start":{"line":135,"column":0},"end":{"line":135,"column":24}}},"branchMap":{"1":{"line":8,"type":"switch","locations":[{"start":{"line":9,"column":4},"end":{"line":10,"column":52}},{"start":{"line":11,"column":4},"end":{"line":14,"column":8}},{"start":{"line":15,"column":4},"end":{"line":16,"column":69}}]},"2":{"line":13,"type":"cond-expr","locations":[{"start":{"line":13,"column":31},"end":{"line":13,"column":48}},{"start":{"line":13,"column":51},"end":{"line":13,"column":70}}]},"3":{"line":16,"type":"cond-expr","locations":[{"start":{"line":16,"column":29},"end":{"line":16,"column":46}},{"start":{"line":16,"column":49},"end":{"line":16,"column":68}}]},"4":{"line":31,"type":"if","locations":[{"start":{"line":31,"column":2},"end":{"line":31,"column":2}},{"start":{"line":31,"column":2},"end":{"line":31,"column":2}}]},"5":{"line":33,"type":"if","locations":[{"start":{"line":33,"column":9},"end":{"line":33,"column":9}},{"start":{"line":33,"column":9},"end":{"line":33,"column":9}}]},"6":{"line":75,"type":"if","locations":[{"start":{"line":75,"column":4},"end":{"line":75,"column":4}},{"start":{"line":75,"column":4},"end":{"line":75,"column":4}}]},"7":{"line":132,"type":"cond-expr","locations":[{"start":{"line":132,"column":23},"end":{"line":132,"column":41}},{"start":{"line":132,"column":44},"end":{"line":132,"column":63}}]}},"code":["var curry = require('ramda/src/curry');","var toString = require('ramda/src/toString');","","var util = require('./internal/util');","","","function Either(left, right) {","  switch (arguments.length) {","    case 0:","      throw new TypeError('no arguments to Either');","    case 1:","      return function(right) {","        return right == null ? Either.Left(left) : Either.Right(right);","      };","    default:","      return right == null ? Either.Left(left) : Either.Right(right);","  }","}","","Either.prototype['@@type'] = 'ramda-fantasy/Either';","","Either.prototype.map = util.returnThis;","","Either.of = Either.prototype.of = function(value) {","  return Either.Right(value);","};","","Either.prototype.chain = util.returnThis; // throw?","","Either.either = curry(function either(leftFn, rightFn, e) {","  if (e instanceof _Left) {","    return leftFn(e.value);","  } else if (e instanceof _Right) {","    return rightFn(e.value);","  } else {","    throw new TypeError('invalid type given to Either.either');","  }","});","","Either.isLeft = function(x) {","  return x.isLeft;","};","","Either.isRight = function(x) {","  return x.isRight;","};","","","// Right","function _Right(x) {","  this.value = x;","}","util.extend(_Right, Either);","","_Right.prototype.isRight = true;","_Right.prototype.isLeft = false;","","_Right.prototype.map = function(fn) {","  return new _Right(fn(this.value));","};","","_Right.prototype.ap = function(that) {","  return that.map(this.value);","};","","_Right.prototype.chain = function(f) {","  return f(this.value);","};","","//chainRec","Either.chainRec = Either.prototype.chainRec = function(f, i) {","  var res, state = util.chainRecNext(i);","  while (state.isNext) {","    res = f(util.chainRecNext, util.chainRecDone, state.value);","    if (Either.isLeft(res)) {","      return res;","    }","    state = res.value;","  }","  return Either.Right(state.value);","};","","_Right.prototype.bimap = function(_, f) {","  return new _Right(f(this.value));","};","","_Right.prototype.extend = function(f) {","  return new _Right(f(this));","};","","_Right.prototype.toString = function() {","  return 'Either.Right(' + toString(this.value) + ')';","};","","_Right.prototype.equals = util.getEquals(_Right);","","Either.Right = function(value) {","  return new _Right(value);","};","","","// Left","function _Left(x) {","  this.value = x;","}","util.extend(_Left, Either);","","_Left.prototype.isLeft = true;","_Left.prototype.isRight = false;","","_Left.prototype.ap = util.returnThis;","","_Left.prototype.bimap = function(f) {","  return new _Left(f(this.value));","};","","_Left.prototype.extend = util.returnThis;","","_Left.prototype.toString = function() {","  return 'Either.Left(' + toString(this.value) + ')';","};","","_Left.prototype.equals = util.getEquals(_Left);","","Either.Left = function(value) {","  return new _Left(value);","};","","","// either","Either.prototype.either = function instanceEither(leftFn, rightFn) {","  return this.isLeft ? leftFn(this.value) : rightFn(this.value);","};","","module.exports = Either;",""],"l":{"1":1,"2":1,"4":1,"7":1,"8":0,"10":0,"12":0,"13":0,"16":0,"20":1,"22":1,"24":1,"25":0,"28":1,"30":1,"31":0,"32":0,"33":0,"34":0,"36":0,"40":1,"41":0,"44":1,"45":0,"50":1,"51":0,"53":1,"55":1,"56":1,"58":1,"59":0,"62":1,"63":0,"66":1,"67":0,"71":1,"72":0,"73":0,"74":0,"75":0,"76":0,"78":0,"80":0,"83":1,"84":0,"87":1,"88":0,"91":1,"92":0,"95":1,"97":1,"98":0,"103":1,"104":0,"106":1,"108":1,"109":1,"111":1,"113":1,"114":0,"117":1,"119":1,"120":0,"123":1,"125":1,"126":0,"131":1,"132":0,"135":1}},"/home/travis/build/npmtest/node-npmtest-ramda-fantasy/node_modules/ramda-fantasy/src/internal/util.js":{"path":"/home/travis/build/npmtest/node-npmtest-ramda-fantasy/node_modules/ramda-fantasy/src/internal/util.js","s":{"1":1,"2":1,"3":0,"4":4,"5":0,"6":1,"7":4,"8":4,"9":4,"10":4,"11":0,"12":0,"13":0,"14":0,"15":0,"16":0,"17":0,"18":0,"19":1,"20":0,"21":0,"22":0,"23":1,"24":0,"25":0},"b":{"1":[0,0]},"f":{"1":0,"2":4,"3":0,"4":4,"5":4,"6":0,"7":0,"8":0,"9":0,"10":0,"11":0,"12":0,"13":0,"14":1,"15":0,"16":0,"17":0,"18":1,"19":0,"20":0},"fnMap":{"1":{"name":"(anonymous_1)","line":6,"loc":{"start":{"line":6,"column":11},"end":{"line":6,"column":23}}},"2":{"name":"(anonymous_2)","line":10,"loc":{"start":{"line":10,"column":13},"end":{"line":10,"column":35}}},"3":{"name":"equals","line":11,"loc":{"start":{"line":11,"column":11},"end":{"line":11,"column":33}}},"4":{"name":"(anonymous_4)","line":16,"loc":{"start":{"line":16,"column":10},"end":{"line":16,"column":34}}},"5":{"name":"Ctor","line":17,"loc":{"start":{"line":17,"column":4},"end":{"line":17,"column":20}}},"6":{"name":"(anonymous_6)","line":25,"loc":{"start":{"line":25,"column":12},"end":{"line":25,"column":24}}},"7":{"name":"(anonymous_7)","line":27,"loc":{"start":{"line":27,"column":18},"end":{"line":27,"column":32}}},"8":{"name":"(anonymous_8)","line":28,"loc":{"start":{"line":28,"column":11},"end":{"line":28,"column":22}}},"9":{"name":"(anonymous_9)","line":33,"loc":{"start":{"line":33,"column":15},"end":{"line":33,"column":28}}},"10":{"name":"(anonymous_10)","line":34,"loc":{"start":{"line":34,"column":11},"end":{"line":34,"column":22}}},"11":{"name":"(anonymous_11)","line":39,"loc":{"start":{"line":39,"column":14},"end":{"line":39,"column":25}}},"12":{"name":"(anonymous_12)","line":41,"loc":{"start":{"line":41,"column":16},"end":{"line":41,"column":28}}},"13":{"name":"(anonymous_13)","line":45,"loc":{"start":{"line":45,"column":16},"end":{"line":45,"column":28}}},"14":{"name":"(anonymous_14)","line":49,"loc":{"start":{"line":49,"column":12},"end":{"line":49,"column":28}}},"15":{"name":"(anonymous_15)","line":50,"loc":{"start":{"line":50,"column":11},"end":{"line":50,"column":24}}},"16":{"name":"(anonymous_16)","line":51,"loc":{"start":{"line":51,"column":24},"end":{"line":51,"column":37}}},"17":{"name":"(anonymous_17)","line":52,"loc":{"start":{"line":52,"column":24},"end":{"line":52,"column":37}}},"18":{"name":"(anonymous_18)","line":59,"loc":{"start":{"line":59,"column":13},"end":{"line":59,"column":29}}},"19":{"name":"(anonymous_19)","line":60,"loc":{"start":{"line":60,"column":11},"end":{"line":60,"column":24}}},"20":{"name":"(anonymous_20)","line":61,"loc":{"start":{"line":61,"column":24},"end":{"line":61,"column":37}}}},"statementMap":{"1":{"start":{"line":1,"column":0},"end":{"line":1,"column":42}},"2":{"start":{"line":4,"column":0},"end":{"line":67,"column":2}},"3":{"start":{"line":7,"column":4},"end":{"line":7,"column":25}},"4":{"start":{"line":11,"column":4},"end":{"line":13,"column":6}},"5":{"start":{"line":12,"column":6},"end":{"line":12,"column":76}},"6":{"start":{"line":17,"column":4},"end":{"line":19,"column":5}},"7":{"start":{"line":18,"column":6},"end":{"line":18,"column":31}},"8":{"start":{"line":20,"column":4},"end":{"line":20,"column":38}},"9":{"start":{"line":21,"column":4},"end":{"line":21,"column":33}},"10":{"start":{"line":22,"column":4},"end":{"line":22,"column":36}},"11":{"start":{"line":25,"column":26},"end":{"line":25,"column":35}},"12":{"start":{"line":28,"column":4},"end":{"line":30,"column":6}},"13":{"start":{"line":29,"column":6},"end":{"line":29,"column":51}},"14":{"start":{"line":34,"column":4},"end":{"line":36,"column":6}},"15":{"start":{"line":35,"column":6},"end":{"line":35,"column":57}},"16":{"start":{"line":39,"column":27},"end":{"line":39,"column":39}},"17":{"start":{"line":42,"column":4},"end":{"line":42,"column":38}},"18":{"start":{"line":46,"column":4},"end":{"line":46,"column":39}},"19":{"start":{"line":50,"column":4},"end":{"line":56,"column":6}},"20":{"start":{"line":51,"column":6},"end":{"line":55,"column":9}},"21":{"start":{"line":52,"column":8},"end":{"line":54,"column":11}},"22":{"start":{"line":53,"column":10},"end":{"line":53,"column":31}},"23":{"start":{"line":60,"column":4},"end":{"line":64,"column":6}},"24":{"start":{"line":61,"column":6},"end":{"line":63,"column":9}},"25":{"start":{"line":62,"column":8},"end":{"line":62,"column":29}}},"branchMap":{"1":{"line":12,"type":"binary-expr","locations":[{"start":{"line":12,"column":13},"end":{"line":12,"column":40}},{"start":{"line":12,"column":44},"end":{"line":12,"column":75}}]}},"code":["var _equals = require('ramda/src/equals');","","","module.exports = {","","  baseMap: function(f) {","    return f(this.value);","  },","","  getEquals: function(constructor) {","    return function equals(that) {","      return that instanceof constructor && _equals(this.value, that.value);","    };","  },","","  extend: function(Child, Parent) {","    function Ctor() {","      this.constructor = Child;","    }","    Ctor.prototype = Parent.prototype;","    Child.prototype = new Ctor();","    Child.super_ = Parent.prototype;","  },","","  identity: function(x) { return x; },","","  notImplemented: function(str) {","    return function() {","      throw new Error(str + ' is not implemented');","    };","  },","","  notCallable: function(fn) {","    return function() {","      throw new Error(fn + ' cannot be called directly');","    };","  },","","  returnThis: function() { return this; },","","  chainRecNext: function(v) {","    return { isNext: true, value: v };","  },","","  chainRecDone: function(v) {","    return { isNext: false, value: v };","  },","","  deriveAp: function (Type) {","    return function(fa) {","      return this.chain(function (f) {","        return fa.chain(function (a) {","          return Type.of(f(a));","        });","      });","    };","  },","","  deriveMap: function (Type) {","    return function (f) {","      return this.chain(function (a) {","        return Type.of(f(a));","      });","    };","  }","","};",""],"l":{"1":1,"4":1,"7":0,"11":4,"12":0,"17":1,"18":4,"20":4,"21":4,"22":4,"25":0,"28":0,"29":0,"34":0,"35":0,"39":0,"42":0,"46":0,"50":1,"51":0,"52":0,"53":0,"60":1,"61":0,"62":0}},"/home/travis/build/npmtest/node-npmtest-ramda-fantasy/node_modules/ramda-fantasy/src/Future.js":{"path":"/home/travis/build/npmtest/node-npmtest-ramda-fantasy/node_modules/ramda-fantasy/src/Future.js","s":{"1":1,"2":1,"3":1,"4":1,"5":1,"6":1,"7":0,"8":0,"9":0,"10":0,"11":1,"12":0,"13":0,"14":0,"15":1,"16":1,"17":0,"18":1,"19":0,"20":0,"21":1,"22":0,"23":0,"24":0,"25":0,"26":0,"27":0,"28":0,"29":0,"30":0,"31":0,"32":0,"33":0,"34":0,"35":1,"36":0,"37":0,"38":1,"39":1,"40":0,"41":0,"42":0,"43":0,"44":1,"45":0,"46":0,"47":0,"48":0,"49":0,"50":0,"51":0,"52":0,"53":0,"54":0,"55":0,"56":0,"57":0,"58":0,"59":0,"60":0,"61":0,"62":1,"63":0,"64":0,"65":0,"66":0,"67":1,"68":0,"69":0,"70":0,"71":0,"72":0,"73":1,"74":0,"75":0,"76":1,"77":0,"78":1,"79":0,"80":0,"81":0,"82":0,"83":0,"84":0,"85":0,"86":0,"87":0,"88":1,"89":0,"90":1,"91":0,"92":0,"93":0,"94":0,"95":0,"96":0,"97":0,"98":0,"99":0,"100":0,"101":0,"102":0,"103":1},"b":{"1":[0,0],"2":[0,0],"3":[0,0],"4":[0,0],"5":[0,0],"6":[0,0],"7":[0,0,0,0]},"f":{"1":0,"2":0,"3":0,"4":0,"5":0,"6":0,"7":0,"8":0,"9":0,"10":0,"11":0,"12":0,"13":0,"14":0,"15":0,"16":0,"17":0,"18":0,"19":0,"20":0,"21":0,"22":0,"23":0,"24":0,"25":0,"26":0,"27":0,"28":0,"29":0,"30":0,"31":0,"32":0,"33":0,"34":0,"35":0,"36":0,"37":0,"38":0},"fnMap":{"1":{"name":"jail","line":8,"loc":{"start":{"line":8,"column":0},"end":{"line":8,"column":25}}},"2":{"name":"(anonymous_2)","line":9,"loc":{"start":{"line":9,"column":9},"end":{"line":9,"column":20}}},"3":{"name":"Future","line":19,"loc":{"start":{"line":19,"column":0},"end":{"line":19,"column":19}}},"4":{"name":"(anonymous_4)","line":28,"loc":{"start":{"line":28,"column":24},"end":{"line":28,"column":50}}},"5":{"name":"(anonymous_5)","line":33,"loc":{"start":{"line":33,"column":23},"end":{"line":33,"column":35}}},"6":{"name":"(anonymous_6)","line":34,"loc":{"start":{"line":34,"column":20},"end":{"line":34,"column":32}}},"7":{"name":"(anonymous_7)","line":38,"loc":{"start":{"line":38,"column":22},"end":{"line":38,"column":34}}},"8":{"name":"(anonymous_8)","line":41,"loc":{"start":{"line":41,"column":20},"end":{"line":41,"column":39}}},"9":{"name":"(anonymous_9)","line":45,"loc":{"start":{"line":45,"column":39},"end":{"line":45,"column":50}}},"10":{"name":"(anonymous_10)","line":51,"loc":{"start":{"line":51,"column":25},"end":{"line":51,"column":38}}},"11":{"name":"(anonymous_11)","line":56,"loc":{"start":{"line":56,"column":22},"end":{"line":56,"column":34}}},"12":{"name":"(anonymous_12)","line":66,"loc":{"start":{"line":66,"column":12},"end":{"line":66,"column":24}}},"13":{"name":"(anonymous_13)","line":68,"loc":{"start":{"line":68,"column":20},"end":{"line":68,"column":41}}},"14":{"name":"(anonymous_14)","line":78,"loc":{"start":{"line":78,"column":25},"end":{"line":78,"column":37}}},"15":{"name":"(anonymous_15)","line":79,"loc":{"start":{"line":79,"column":20},"end":{"line":79,"column":46}}},"16":{"name":"(anonymous_16)","line":81,"loc":{"start":{"line":81,"column":6},"end":{"line":81,"column":18}}},"17":{"name":"(anonymous_17)","line":82,"loc":{"start":{"line":82,"column":19},"end":{"line":82,"column":31}}},"18":{"name":"(anonymous_18)","line":91,"loc":{"start":{"line":91,"column":46},"end":{"line":91,"column":61}}},"19":{"name":"(anonymous_19)","line":92,"loc":{"start":{"line":92,"column":16},"end":{"line":92,"column":42}}},"20":{"name":"go","line":93,"loc":{"start":{"line":93,"column":11},"end":{"line":93,"column":28}}},"21":{"name":"(anonymous_21)","line":100,"loc":{"start":{"line":100,"column":22},"end":{"line":100,"column":34}}},"22":{"name":"(anonymous_22)","line":135,"loc":{"start":{"line":135,"column":31},"end":{"line":135,"column":43}}},"23":{"name":"(anonymous_23)","line":136,"loc":{"start":{"line":136,"column":20},"end":{"line":136,"column":46}}},"24":{"name":"(anonymous_24)","line":138,"loc":{"start":{"line":138,"column":19},"end":{"line":138,"column":31}}},"25":{"name":"(anonymous_25)","line":139,"loc":{"start":{"line":139,"column":6},"end":{"line":139,"column":18}}},"26":{"name":"(anonymous_26)","line":148,"loc":{"start":{"line":148,"column":25},"end":{"line":148,"column":52}}},"27":{"name":"(anonymous_27)","line":150,"loc":{"start":{"line":150,"column":20},"end":{"line":150,"column":46}}},"28":{"name":"(anonymous_28)","line":152,"loc":{"start":{"line":152,"column":19},"end":{"line":152,"column":33}}},"29":{"name":"(anonymous_29)","line":153,"loc":{"start":{"line":153,"column":19},"end":{"line":153,"column":33}}},"30":{"name":"(anonymous_30)","line":158,"loc":{"start":{"line":158,"column":16},"end":{"line":158,"column":30}}},"31":{"name":"(anonymous_31)","line":159,"loc":{"start":{"line":159,"column":20},"end":{"line":159,"column":37}}},"32":{"name":"(anonymous_32)","line":164,"loc":{"start":{"line":164,"column":28},"end":{"line":164,"column":39}}},"33":{"name":"(anonymous_33)","line":168,"loc":{"start":{"line":168,"column":15},"end":{"line":168,"column":27}}},"34":{"name":"(anonymous_34)","line":173,"loc":{"start":{"line":173,"column":31},"end":{"line":173,"column":60}}},"35":{"name":"(anonymous_35)","line":177,"loc":{"start":{"line":177,"column":12},"end":{"line":177,"column":31}}},"36":{"name":"addListeners","line":182,"loc":{"start":{"line":182,"column":2},"end":{"line":182,"column":41}}},"37":{"name":"doResolve","line":186,"loc":{"start":{"line":186,"column":2},"end":{"line":186,"column":38}}},"38":{"name":"(anonymous_38)","line":194,"loc":{"start":{"line":194,"column":20},"end":{"line":194,"column":46}}}},"statementMap":{"1":{"start":{"line":1,"column":0},"end":{"line":1,"column":37}},"2":{"start":{"line":2,"column":0},"end":{"line":2,"column":43}},"3":{"start":{"line":3,"column":0},"end":{"line":3,"column":45}},"4":{"start":{"line":4,"column":0},"end":{"line":4,"column":39}},"5":{"start":{"line":6,"column":0},"end":{"line":6,"column":38}},"6":{"start":{"line":8,"column":0},"end":{"line":16,"column":1}},"7":{"start":{"line":9,"column":2},"end":{"line":15,"column":4}},"8":{"start":{"line":10,"column":4},"end":{"line":14,"column":5}},"9":{"start":{"line":11,"column":6},"end":{"line":11,"column":18}},"10":{"start":{"line":13,"column":6},"end":{"line":13,"column":19}},"11":{"start":{"line":19,"column":0},"end":{"line":24,"column":1}},"12":{"start":{"line":20,"column":2},"end":{"line":22,"column":3}},"13":{"start":{"line":21,"column":4},"end":{"line":21,"column":25}},"14":{"start":{"line":23,"column":2},"end":{"line":23,"column":17}},"15":{"start":{"line":26,"column":0},"end":{"line":26,"column":52}},"16":{"start":{"line":28,"column":0},"end":{"line":30,"column":2}},"17":{"start":{"line":29,"column":2},"end":{"line":29,"column":44}},"18":{"start":{"line":33,"column":0},"end":{"line":35,"column":2}},"19":{"start":{"line":34,"column":2},"end":{"line":34,"column":61}},"20":{"start":{"line":34,"column":34},"end":{"line":34,"column":57}},"21":{"start":{"line":38,"column":0},"end":{"line":63,"column":2}},"22":{"start":{"line":39,"column":2},"end":{"line":39,"column":18}},"23":{"start":{"line":41,"column":2},"end":{"line":61,"column":5}},"24":{"start":{"line":42,"column":4},"end":{"line":42,"column":21}},"25":{"start":{"line":43,"column":4},"end":{"line":43,"column":29}},"26":{"start":{"line":45,"column":4},"end":{"line":49,"column":7}},"27":{"start":{"line":46,"column":6},"end":{"line":48,"column":7}},"28":{"start":{"line":47,"column":8},"end":{"line":47,"column":33}},"29":{"start":{"line":51,"column":4},"end":{"line":54,"column":7}},"30":{"start":{"line":52,"column":6},"end":{"line":52,"column":19}},"31":{"start":{"line":53,"column":6},"end":{"line":53,"column":22}},"32":{"start":{"line":56,"column":4},"end":{"line":59,"column":7}},"33":{"start":{"line":57,"column":6},"end":{"line":57,"column":14}},"34":{"start":{"line":58,"column":6},"end":{"line":58,"column":22}},"35":{"start":{"line":66,"column":0},"end":{"line":69,"column":2}},"36":{"start":{"line":68,"column":2},"end":{"line":68,"column":65}},"37":{"start":{"line":68,"column":43},"end":{"line":68,"column":61}},"38":{"start":{"line":71,"column":0},"end":{"line":71,"column":32}},"39":{"start":{"line":78,"column":0},"end":{"line":85,"column":2}},"40":{"start":{"line":79,"column":2},"end":{"line":84,"column":16}},"41":{"start":{"line":80,"column":4},"end":{"line":83,"column":6}},"42":{"start":{"line":81,"column":20},"end":{"line":81,"column":37}},"43":{"start":{"line":82,"column":33},"end":{"line":82,"column":68}},"44":{"start":{"line":91,"column":0},"end":{"line":130,"column":2}},"45":{"start":{"line":92,"column":2},"end":{"line":129,"column":5}},"46":{"start":{"line":93,"column":4},"end":{"line":128,"column":9}},"47":{"start":{"line":98,"column":6},"end":{"line":98,"column":24}},"48":{"start":{"line":99,"column":6},"end":{"line":99,"column":41}},"49":{"start":{"line":100,"column":6},"end":{"line":112,"column":8}},"50":{"start":{"line":103,"column":8},"end":{"line":111,"column":9}},"51":{"start":{"line":104,"column":10},"end":{"line":104,"column":24}},"52":{"start":{"line":106,"column":10},"end":{"line":106,"column":20}},"53":{"start":{"line":110,"column":10},"end":{"line":110,"column":45}},"54":{"start":{"line":113,"column":6},"end":{"line":126,"column":7}},"55":{"start":{"line":114,"column":8},"end":{"line":114,"column":22}},"56":{"start":{"line":115,"column":8},"end":{"line":115,"column":85}},"57":{"start":{"line":118,"column":8},"end":{"line":125,"column":9}},"58":{"start":{"line":119,"column":10},"end":{"line":119,"column":19}},"59":{"start":{"line":123,"column":10},"end":{"line":123,"column":25}},"60":{"start":{"line":124,"column":10},"end":{"line":124,"column":17}},"61":{"start":{"line":127,"column":6},"end":{"line":127,"column":27}},"62":{"start":{"line":135,"column":0},"end":{"line":142,"column":2}},"63":{"start":{"line":136,"column":2},"end":{"line":141,"column":16}},"64":{"start":{"line":137,"column":4},"end":{"line":140,"column":6}},"65":{"start":{"line":138,"column":33},"end":{"line":138,"column":68}},"66":{"start":{"line":139,"column":20},"end":{"line":139,"column":38}},"67":{"start":{"line":148,"column":0},"end":{"line":156,"column":2}},"68":{"start":{"line":149,"column":2},"end":{"line":149,"column":18}},"69":{"start":{"line":150,"column":2},"end":{"line":155,"column":
[...]
nd":{"line":95,"column":4}},"53":{"start":{"line":94,"column":4},"end":{"line":94,"column":65}},"54":{"start":{"line":97,"column":2},"end":{"line":97,"column":17}},"55":{"start":{"line":100,"column":0},"end":{"line":100,"column":24}}},"branchMap":{"1":{"line":8,"type":"if","locations":[{"start":{"line":8,"column":2},"end":{"line":8,"column":2}},{"start":{"line":8,"column":2},"end":{"line":8,"column":2}}]},"2":{"line":54,"type":"if","locations":[{"start":{"line":54,"column":4},"end":{"line":54,"column":4}},{"start":{"line":54,"column":4},"end":{"line":54,"column":4}}]}},"code":["var compose = require('ramda/src/compose');","var identity = require('ramda/src/identity');","var toString = require('ramda/src/toString');","var always = require('ramda/src/always');","","","function Reader(run) {","  if (!(this instanceof Reader)) {","    return new Reader(run);","  }","  this.run = run;","}","","Reader.run = function(reader) {","  return reader.run.apply(reader, [].slice.call(arguments, 1));","};","","Reader.prototype['@@type'] = 'ramda-fantasy/Reader';","","Reader.prototype.chain = function(f) {","  var reader = this;","  return new Reader(function(r) {","    return f(reader.run(r)).run(r);","  });","};","","Reader.prototype.ap = function(a) {","  return this.chain(function(f) {","    return a.map(f);","  });","};","","Reader.prototype.map = function(f) {","  return this.chain(function(a) {","    return Reader.of(f(a));","  });","};","","Reader.prototype.of = function(a) {","  return new Reader(function() {","    return a;","  });","};","Reader.of = Reader.prototype.of;","","Reader.ask = Reader(identity);","","Reader.prototype.toString = function() {","  return 'Reader(' + toString(this.run) + ')';","};","","Reader.T = function(M) {","  var ReaderT = function ReaderT(run) {","    if (!(this instanceof ReaderT)) {","      return new ReaderT(run);","    }","    this.run = run;","  };","","  ReaderT.lift = compose(ReaderT, always);","","  ReaderT.ask = ReaderT(M.of);","","  ReaderT.prototype.of = ReaderT.of = function(a) {","    return ReaderT(function() {","      return M.of(a);","    });","  };","","  ReaderT.prototype.chain = function(f) {","    var readerT = this;","    return ReaderT(function(e) {","      var m = readerT.run(e);","      return m.chain(function(a) {","        return f(a).run(e);","      });","    });","  };","","  ReaderT.prototype.map = function(f) {","    return this.chain(function(a) {","      return ReaderT.of(f(a));","    });","  };","","  ReaderT.prototype.ap = function(a) {","    var readerT = this;","    return ReaderT(function(e) {","      return readerT.run(e).ap(a.run(e));","    });","  };","","  ReaderT.prototype.toString = function() {","    return 'ReaderT[' + M.name + '](' + toString(this.run) + ')';","  };","","  return ReaderT;","};","","module.exports = Reader;",""],"l":{"1":1,"2":1,"3":1,"4":1,"7":1,"8":2,"9":1,"11":1,"14":1,"15":0,"18":1,"20":1,"21":0,"22":0,"23":0,"27":1,"28":0,"29":0,"33":1,"34":0,"35":0,"39":1,"40":0,"41":0,"44":1,"46":1,"48":1,"49":0,"52":1,"53":0,"54":0,"55":0,"57":0,"60":0,"62":0,"64":0,"65":0,"66":0,"70":0,"71":0,"72":0,"73":0,"74":0,"75":0,"80":0,"81":0,"82":0,"86":0,"87":0,"88":0,"89":0,"93":0,"94":0,"97":0,"100":1}},"/home/travis/build/npmtest/node-npmtest-ramda-fantasy/node_modules/ramda-fantasy/src/State.js":{"path":"/home/travis/build/npmtest/node-npmtest-ramda-fantasy/node_modules/ramda-fantasy/src/State.js","s":{"1":1,"2":1,"3":1,"4":1,"5":1,"6":1,"7":2,"8":1,"9":1,"10":1,"11":0,"12":1,"13":0,"14":1,"15":0,"16":1,"17":0,"18":0,"19":0,"20":0,"21":1,"22":0,"23":0,"24":1,"25":1,"26":1,"27":0,"28":0,"29":0,"30":0,"31":0,"32":0,"33":1,"34":0,"35":0,"36":0,"37":1,"38":0,"39":1,"40":0,"41":0,"42":1,"43":0,"44":0,"45":1,"46":0,"47":0,"48":1,"49":1,"50":1,"51":1,"52":0,"53":1},"b":{"1":[1,1]},"f":{"1":1,"2":2,"3":0,"4":0,"5":0,"6":0,"7":0,"8":0,"9":0,"10":0,"11":0,"12":0,"13":0,"14":0,"15":0,"16":0,"17":0,"18":0,"19":0,"20":0,"21":0,"22":0,"23":0,"24":0,"25":0,"26":0,"27":0},"fnMap":{"1":{"name":"T","line":8,"loc":{"start":{"line":8,"column":0},"end":{"line":8,"column":14}}},"2":{"name":"StateT","line":9,"loc":{"start":{"line":9,"column":2},"end":{"line":9,"column":23}}},"3":{"name":"(anonymous_3)","line":15,"loc":{"start":{"line":15,"column":25},"end":{"line":15,"column":37}}},"4":{"name":"(anonymous_4)","line":18,"loc":{"start":{"line":18,"column":26},"end":{"line":18,"column":38}}},"5":{"name":"(anonymous_5)","line":21,"loc":{"start":{"line":21,"column":26},"end":{"line":21,"column":38}}},"6":{"name":"(anonymous_6)","line":24,"loc":{"start":{"line":24,"column":27},"end":{"line":24,"column":39}}},"7":{"name":"(anonymous_7)","line":26,"loc":{"start":{"line":26,"column":18},"end":{"line":26,"column":30}}},"8":{"name":"(anonymous_8)","line":27,"loc":{"start":{"line":27,"column":33},"end":{"line":27,"column":45}}},"9":{"name":"(anonymous_9)","line":32,"loc":{"start":{"line":32,"column":36},"end":{"line":32,"column":48}}},"10":{"name":"(anonymous_10)","line":33,"loc":{"start":{"line":33,"column":18},"end":{"line":33,"column":31}}},"11":{"name":"(anonymous_11)","line":39,"loc":{"start":{"line":39,"column":25},"end":{"line":39,"column":48}}},"12":{"name":"(anonymous_12)","line":40,"loc":{"start":{"line":40,"column":18},"end":{"line":40,"column":30}}},"13":{"name":"(anonymous_13)","line":41,"loc":{"start":{"line":41,"column":23},"end":{"line":41,"column":35}}},"14":{"name":"(anonymous_14)","line":42,"loc":{"start":{"line":42,"column":61},"end":{"line":42,"column":75}}},"15":{"name":"(anonymous_15)","line":44,"loc":{"start":{"line":44,"column":12},"end":{"line":44,"column":24}}},"16":{"name":"(anonymous_16)","line":45,"loc":{"start":{"line":45,"column":12},"end":{"line":45,"column":24}}},"17":{"name":"(anonymous_17)","line":51,"loc":{"start":{"line":51,"column":16},"end":{"line":51,"column":29}}},"18":{"name":"(anonymous_18)","line":52,"loc":{"start":{"line":52,"column":18},"end":{"line":52,"column":30}}},"19":{"name":"(anonymous_19)","line":53,"loc":{"start":{"line":53,"column":22},"end":{"line":53,"column":34}}},"20":{"name":"(anonymous_20)","line":58,"loc":{"start":{"line":58,"column":22},"end":{"line":58,"column":34}}},"21":{"name":"(anonymous_21)","line":61,"loc":{"start":{"line":61,"column":16},"end":{"line":61,"column":28}}},"22":{"name":"(anonymous_22)","line":62,"loc":{"start":{"line":62,"column":18},"end":{"line":62,"column":30}}},"23":{"name":"(anonymous_23)","line":66,"loc":{"start":{"line":66,"column":15},"end":{"line":66,"column":27}}},"24":{"name":"(anonymous_24)","line":67,"loc":{"start":{"line":67,"column":18},"end":{"line":67,"column":30}}},"25":{"name":"(anonymous_25)","line":71,"loc":{"start":{"line":71,"column":18},"end":{"line":71,"column":30}}},"26":{"name":"(anonymous_26)","line":72,"loc":{"start":{"line":72,"column":18},"end":{"line":72,"column":30}}},"27":{"name":"(anonymous_27)","line":82,"loc":{"start":{"line":82,"column":22},"end":{"line":82,"column":34}}}},"statementMap":{"1":{"start":{"line":1,"column":0},"end":{"line":1,"column":39}},"2":{"start":{"line":3,"column":0},"end":{"line":3,"column":37}},"3":{"start":{"line":4,"column":0},"end":{"line":4,"column":31}},"4":{"start":{"line":5,"column":0},"end":{"line":5,"column":38}},"5":{"start":{"line":8,"column":0},"end":{"line":78,"column":1}},"6":{"start":{"line":9,"column":2},"end":{"line":14,"column":3}},"7":{"start":{"line":10,"column":4},"end":{"line":12,"column":5}},"8":{"start":{"line":11,"column":6},"end":{"line":11,"column":29}},"9":{"start":{"line":13,"column":4},"end":{"line":13,"column":20}},"10":{"start":{"line":15,"column":2},"end":{"line":17,"column":4}},"11":{"start":{"line":16,"column":4},"end":{"line":16,"column":24}},"12":{"start":{"line":18,"column":2},"end":{"line":20,"column":4}},"13":{"start":{"line":19,"column":4},"end":{"line":19,"column":34}},"14":{"start":{"line":21,"column":2},"end":{"line":23,"column":4}},"15":{"start":{"line":22,"column":4},"end":{"line":22,"column":34}},"16":{"start":{"line":24,"column":2},"end":{"line":31,"column":4}},"17":{"start":{"line":25,"column":4},"end":{"line":25,"column":21}},"18":{"start":{"line":26,"column":4},"end":{"line":30,"column":7}},"19":{"start":{"line":27,"column":6},"end":{"line":29,"column":9}},"20":{"start":{"line":28,"column":8},"end":{"line":28,"column":50}},"21":{"start":{"line":32,"column":2},"end":{"line":36,"column":4}},"22":{"start":{"line":33,"column":4},"end":{"line":35,"column":7}},"23":{"start":{"line":34,"column":6},"end":{"line":34,"column":31}},"24":{"start":{"line":37,"column":2},"end":{"line":37,"column":46}},"25":{"start":{"line":38,"column":2},"end":{"line":38,"column":48}},"26":{"start":{"line":39,"column":2},"end":{"line":50,"column":5}},"27":{"start":{"line":40,"column":4},"end":{"line":49,"column":7}},"28":{"start":{"line":41,"column":6},"end":{"line":48,"column":25}},"29":{"start":{"line":42,"column":8},"end":{"line":47,"column":11}},"30":{"start":{"line":43,"column":10},"end":{"line":46,"column":13}},"31":{"start":{"line":44,"column":26},"end":{"line":44,"column":57}},"32":{"start":{"line":45,"column":26},"end":{"line":45,"column":57}},"33":{"start":{"line":51,"column":2},"end":{"line":57,"column":4}},"34":{"start":{"line":52,"column":4},"end":{"line":56,"column":7}},"35":{"start":{"line":53,"column":6},"end":{"line":55,"column":9}},"36":{"start":{"line":54,"column":8},"end":{"line":54,"column":33}},"37":{"start":{"line":58,"column":2},"end":{"line":60,"column":5}},"38":{"start":{"line":59,"column":4},"end":{"line":59,"column":29}},"39":{"start":{"line":61,"column":2},"end":{"line":65,"column":4}},"40":{"start":{"line":62,"column":4},"end":{"line":64,"column":7}},"41":{"start":{"line":63,"column":6},"end":{"line":63,"column":34}},"42":{"start":{"line":66,"column":2},"end":{"line":70,"column":4}},"43":{"start":{"line":67,"column":4},"end":{"line":69,"column":7}},"44":{"start":{"line":68,"column":6},"end":{"line":68,"column":36}},"45":{"start":{"line":71,"column":2},"end":{"line":75,"column":4}},"46":{"start":{"line":72,"column":4},"end":{"line":74,"column":7}},"47":{"start":{"line":73,"column":6},"end":{"line":73,"column":39}},"48":{"start":{"line":77,"column":2},"end":{"line":77,"column":16}},"49":{"start":{"line":80,"column":0},"end":{"line":80,"column":24}},"50":{"start":{"line":81,"column":0},"end":{"line":81,"column":12}},"51":{"start":{"line":82,"column":0},"end":{"line":84,"column":2}},"52":{"start":{"line":83,"column":2},"end":{"line":83,"column":28}},"53":{"start":{"line":86,"column":0},"end":{"line":86,"column":23}}},"branchMap":{"1":{"line":10,"type":"if","locations":[{"start":{"line":10,"column":4},"end":{"line":10,"column":4}},{"start":{"line":10,"column":4},"end":{"line":10,"column":4}}]}},"code":["var curry = require('ramda/src/curry');","","var Identity = require('./Identity');","var Tuple = require('./Tuple');","var util = require('./internal/util');","","","function T(M) {","  function StateT(run) {","    if (!(this instanceof StateT)) {","      return new StateT(run);","    }","    this._run = run;","  }","  StateT.prototype.run = function(s) {","    return this._run(s);","  };","  StateT.prototype.eval = function(s) {","    return Tuple.fst(this.run(s));","  };","  StateT.prototype.exec = function(s) {","    return Tuple.snd(this.run(s));","  };","  StateT.prototype.chain = function(f) {","    var state = this;","    return StateT(function(s) {","      return state._run(s).chain(function(t) {","        return f(Tuple.fst(t))._run(Tuple.snd(t));","      });","    });","  };","  StateT.of = StateT.prototype.of = function(a) {","    return StateT(function (s) {","      return M.of(Tuple(a, s));","    });","  };","  StateT.prototype.ap = util.deriveAp(StateT);","  StateT.prototype.map = util.deriveMap(StateT);","  StateT.tailRec = curry(function(stepFn, init) {","    return StateT(function(s) {","      return M.tailRec(function(t) {","        return stepFn(Tuple.fst(t))._run(Tuple.snd(t)).chain(function (t_) {","          return M.of(Tuple.fst(t_).bimap(","            function(a) { return Tuple(a, Tuple.snd(t_)); },","            function(b) { return Tuple(b, Tuple.snd(t_)); }","          ));","        });","      }, Tuple(init, s));","    });","  });","  StateT.lift = function(ma) {","    return StateT(function(s) {","      return ma.chain(function(a) {","        return M.of(Tuple(a, s));","      });","    });","  };","  StateT.get = StateT(function(s) {","    return M.of(Tuple(s, s));","  });","  StateT.gets = function(f) {","    return StateT(function(s) {","      return M.of(Tuple(f(s), s));","    });","  };","  StateT.put = function(s) {","    return StateT(function(_) {","      return M.of(Tuple(void _, s));","    });","  };","  StateT.modify = function(f) {","    return StateT(function(s) {","      return M.of(Tuple(void 0, f(s)));","    });","  };","","  return StateT;","}","","var State = T(Identity);","State.T = T;","State.prototype.run = function(s) {","  return this._run(s).value;","};","","module.exports = State;",""],"l":{"1":1,"3":1,"4":1,"5":1,"8":1,"9":1,"10":2,"11":1,"13":1,"15":1,"16":0,"18":1,"19":0,"21":1,"22":0,"24":1,"25":0,"26":0,"27":0,"28":0,"32":1,"33":0,"34":0,"37":1,"38":1,"39":1,"40":0,"41":0,"42":0,"43":0,"44":0,"45":0,"51":1,"52":0,"53":0,"54":0,"58":1,"59":0,"61":1,"62":0,"63":0,"66":1,"67":0,"68":0,"71":1,"72":0,"73":0,"77":1,"80":1,"81":1,"82":1,"83":0,"86":1}},"/home/travis/build/npmtest/node-npmtest-ramda-fantasy/node_modules/ramda-fantasy/src/Tuple.js":{"path":"/home/travis/build/npmtest/node-npmtest-ramda-fantasy/node_modules/ramda-fantasy/src/Tuple.js","s":{"1":1,"2":1,"3":1,"4":0,"5":0,"6":0,"7":0,"8":0,"9":1,"10":0,"11":0,"12":0,"13":1,"14":0,"15":0,"16":0,"17":1,"18":0,"19":1,"20":0,"21":1,"22":1,"23":0,"24":0,"25":1,"26":0,"27":1,"28":0,"29":0,"30":1,"31":0,"32":1,"33":0,"34":1},"b":{"1":[0,0,0],"2":[0,0],"3":[0,0,0]},"f":{"1":0,"2":0,"3":0,"4":0,"5":0,"6":0,"7":0,"8":0,"9":0,"10":0,"11":0,"12":0},"fnMap":{"1":{"name":"Tuple","line":5,"loc":{"start":{"line":5,"column":0},"end":{"line":5,"column":21}}},"2":{"name":"(anonymous_2)","line":10,"loc":{"start":{"line":10,"column":13},"end":{"line":10,"column":25}}},"3":{"name":"_Tuple","line":18,"loc":{"start":{"line":18,"column":0},"end":{"line":18,"column":22}}},"4":{"name":"ensureConcat","line":24,"loc":{"start":{"line":24,"column":0},"end":{"line":24,"column":26}}},"5":{"name":"(anonymous_5)","line":25,"loc":{"start":{"line":25,"column":13},"end":{"line":25,"column":25}}},"6":{"name":"(anonymous_6)","line":32,"loc":{"start":{"line":32,"column":12},"end":{"line":32,"column":24}}},"7":{"name":"(anonymous_7)","line":36,"loc":{"start":{"line":36,"column":12},"end":{"line":36,"column":24}}},"8":{"name":"(anonymous_8)","line":43,"loc":{"start":{"line":43,"column":26},"end":{"line":43,"column":38}}},"9":{"name":"(anonymous_9)","line":49,"loc":{"start":{"line":49,"column":23},"end":{"line":49,"column":35}}},"10":{"name":"(anonymous_10)","line":54,"loc":{"start":{"line":54,"column":22},"end":{"line":54,"column":34}}},"11":{"name":"(anonymous_11)","line":60,"loc":{"start":{"line":60,"column":26},"end":{"line":60,"column":41}}},"12":{"name":"(anonymous_12)","line":64,"loc":{"start":{"line":64,"column":28},"end":{"line":64,"column":39}}}},"statementMap":{"1":{"start":{"line":1,"column":0},"end":{"line":1,"column":45}},"2":{"start":{"line":2,"column":0},"end":{"line":2,"column":41}},"3":{"start":{"line":5,"column":0},"end":{"line":16,"column":1}},"4":{"start":{"line":6,"column":2},"end":{"line":15,"column":3}},"5":{"start":{"line":8,"column":6},"end":{"line":8,"column":51}},"6":{"start":{"line":10,"column":6},"end":{"line":12,"column":8}},"7":{"start":{"line":11,"column":8},"end":{"line":11,"column":32}},"8":{"start":{"line":14,"column":6},"end":{"line":14,"column":30}},"9":{"start":{"line":18,"column":0},"end":{"line":22,"column":1}},"10":{"start":{"line":19,"column":2},"end":{"line":19,"column":14}},"11":{"start":{"line":20,"column":2},"end":{"line":20,"column":14}},"12":{"start":{"line":21,"column":2},"end":{"line":21,"column":18}},"13":{"start":{"line":24,"column":0},"end":{"line":30,"column":1}},"14":{"start":{"line":25,"column":2},"end":{"line":29,"column":5}},"15":{"start":{"line":26,"column":4},"end":{"line":28,"column":5}},"16":{"start":{"line":27,"column":6},"end":{"line":27,"column":90}},"17":{"start":{"line":32,"column":0},"end":{"line":34,"column":2}},"18":{"start":{"line":33,"column":2},"end":{"line":33,"column":14}},"19":{"start":{"line":36,"column":0},"end":{"line":38,"column":2}},"20":{"start":{"line":37,"column":2},"end":{"line":37,"column":14}},"21":{"start":{"line":40,"column":0},"end":{"line":40,"column":51}},"22":{"start":{"line":43,"column":0},"end":{"line":46,"column":2}},"23":{"start":{"line":44,"column":2},"end":{"line":44,"column":35}},"24":{"start":{"line":45,"column":2},"end":{"line":45,"column":59}},"25":{"start":{"line":49,"column":0},"end":{"line":51,"column":2}},"26":{"start":{"line":50,"column":2},"end":{"line":50,"column":36}},"27":{"start":{"line":54,"column":0},"end":{"line":57,"column":2}},"28":{"start":{"line":55,"column":2},"end":{"line":55,"column":26}},"29":{"start":{"line":56,"column":2},"end":{"line":56,"column":52}},"30":{"start":{"line":60,"column":0},"end":{"line":62,"column":2}},"31":{"start":{"line":61,"column":2},"end":{"line":61,"column":88}},"32":{"start":{"line":64,"column":0},"end":{"line":66,"column":2}},"33":{"start":{"line":65,"column":2},"end":{"line":65,"column":71}},"34":{"start":{"line":68,"column":0},"end":{"line":68,"column":23}}},"branchMap":{"1":{"line":6,"type":"switch","locations":[{"start":{"line":7,"column":4},"end":{"line":8,"column":51}},{"start":{"line":9,"column":4},"end":{"line":12,"column":8}},{"start":{"line":13,"column":4},"end":{"line":14,"column":30}}]},"2":{"line":26,"type":"if","locations":[{"start":{"line":26,"column":4},"end":{"line":26,"column":4}},{"start":{"line":26,"column":4},"end":{"line":26,"column":4}}]},"3":{"line":61,"type":"binary-expr","locations":[{"start":{"line":61,"column":9},"end":{"line":61,"column":31}},{"start":{"line":61,"column":35},"end":{"line":61,"column":59}},{"start":{"line":61,"column":63},"end":{"line":61,"column":87}}]}},"code":["var toString = require('ramda/src/toString');","var equals = require('ramda/src/equals');","","","function Tuple(x, y) {","  switch (arguments.length) {","    case 0:","      throw new TypeError('no arguments to Tuple');","    case 1:","      return function(y) {","        return new _Tuple(x, y);","      };","    default:","      return new _Tuple(x, y);","  }","}","","function _Tuple(x, y) {","  this[0] = x;","  this[1] = y;","  this.length = 2;","}","","function ensureConcat(xs) {","  xs.forEach(function(x) {","    if (typeof x.concat != 'function') {","      throw new TypeError(toString(x) + ' must be a semigroup to perform this operation');","    }","  });","}","","Tuple.fst = function(x) {","  return x[0];","};","","Tuple.snd = function(x) {","  return x[1];","};","","_Tuple.prototype['@@type'] = 'ramda-fantasy/Tuple';","","// semigroup","_Tuple.prototype.concat = function(x) {","  ensureConcat([this[0], this[1]]);","  return Tuple(this[0].concat(x[0]), this[1].concat(x[1]));","};","","// functor","_Tuple.prototype.map = function(f) {","  return Tuple(this[0], f(this[1]));","};","","// apply","_Tuple.prototype.ap = function(m) {","  ensureConcat([this[0]]);","  return Tuple(this[0].concat(m[0]), this[1](m[1]));","};","","// setoid","_Tuple.prototype.equals = function(that) {","  return that instanceof _Tuple && equals(this[0], that[0]) && equals(this[1], that[1]);","};","","_Tuple.prototype.toString = function() {","  return 'Tuple(' + toString(this[0]) + ', ' + toString(this[1]) + ')';","};","","module.exports = Tuple;",""],"l":{"1":1,"2":1,"5":1,"6":0,"8":0,"10":0,"11":0,"14":0,"18":1,"19":0,"20":0,"21":0,"24":1,"25":0,"26":0,"27":0,"32":1,"33":0,"36":1,"37":0,"40":1,"43":1,"44":0,"45":0,"49":1,"50":0,"54":1,"55":0,"56":0,"60":1,"61":0,"64":1,"65":0,"68":1}}}